[0.092s] Invoking command in '/home/c_nguyen/turtlebot3_ws/build/turtlebot3_fake_node': CMAKE_PREFIX_PATH=${CMAKE_PREFIX_PATH}:/opt/ros/humble /usr/bin/cmake --build /home/c_nguyen/turtlebot3_ws/build/turtlebot3_fake_node -- -j16 -l16
[0.178s] -- Found ament_cmake: 1.3.5 (/opt/ros/humble/share/ament_cmake/cmake)
[0.304s] -- Override CMake install command with custom implementation using symlinks instead of copying resources
[0.319s] -- Found geometry_msgs: 4.2.3 (/opt/ros/humble/share/geometry_msgs/cmake)
[0.353s] -- Found rosidl_generator_c: 3.1.5 (/opt/ros/humble/share/rosidl_generator_c/cmake)
[0.356s] -- Found rosidl_adapter: 3.1.5 (/opt/ros/humble/share/rosidl_adapter/cmake)
[0.364s] -- Found rosidl_generator_cpp: 3.1.5 (/opt/ros/humble/share/rosidl_generator_cpp/cmake)
[0.376s] -- Using all available rosidl_typesupport_c: rosidl_typesupport_fastrtps_c;rosidl_typesupport_introspection_c
[0.396s] -- Using all available rosidl_typesupport_cpp: rosidl_typesupport_fastrtps_cpp;rosidl_typesupport_introspection_cpp
[0.507s] -- Found nav_msgs: 4.2.3 (/opt/ros/humble/share/nav_msgs/cmake)
[0.583s] -- Found rclcpp: 16.0.6 (/opt/ros/humble/share/rclcpp/cmake)
[0.638s] -- Found rmw_implementation_cmake: 6.1.1 (/opt/ros/humble/share/rmw_implementation_cmake/cmake)
[0.640s] -- Found rmw_fastrtps_cpp: 6.2.4 (/opt/ros/humble/share/rmw_fastrtps_cpp/cmake)
[0.778s] -- Using RMW implementation 'rmw_fastrtps_cpp' as default
[0.901s] -- Found sensor_msgs: 4.2.3 (/opt/ros/humble/share/sensor_msgs/cmake)
[0.977s] -- Found tf2: 0.25.4 (/opt/ros/humble/share/tf2/cmake)
[0.985s] -- Found tf2_msgs: 0.25.4 (/opt/ros/humble/share/tf2_msgs/cmake)
[1.121s] -- Found turtlebot3_msgs: 2.2.3 (/opt/ros/humble/share/turtlebot3_msgs/cmake)
[1.283s] -- Configuring done
[1.301s] -- Generating done
[1.303s] -- Build files have been written to: /home/c_nguyen/turtlebot3_ws/build/turtlebot3_fake_node
[1.332s] [35m[1mConsolidate compiler generated dependencies of target turtlebot3_fake_node[0m
[1.389s] [100%] Built target turtlebot3_fake_node
[1.404s] Invoked command in '/home/c_nguyen/turtlebot3_ws/build/turtlebot3_fake_node' returned '0': CMAKE_PREFIX_PATH=${CMAKE_PREFIX_PATH}:/opt/ros/humble /usr/bin/cmake --build /home/c_nguyen/turtlebot3_ws/build/turtlebot3_fake_node -- -j16 -l16
[1.460s] Invoking command in '/home/c_nguyen/turtlebot3_ws/build/turtlebot3_fake_node': CMAKE_PREFIX_PATH=${CMAKE_PREFIX_PATH}:/opt/ros/humble /usr/bin/cmake --install /home/c_nguyen/turtlebot3_ws/build/turtlebot3_fake_node
[1.477s] -- Install configuration: ""
[1.478s] -- Execute custom install script
[1.479s] -- Up-to-date symlink: /home/c_nguyen/turtlebot3_ws/install/turtlebot3_fake_node/lib/turtlebot3_fake_node/turtlebot3_fake_node
[1.480s] -- Up-to-date symlink: /home/c_nguyen/turtlebot3_ws/install/turtlebot3_fake_node/share/turtlebot3_fake_node/launch/rviz2.launch.py
[1.481s] -- Up-to-date symlink: /home/c_nguyen/turtlebot3_ws/install/turtlebot3_fake_node/share/turtlebot3_fake_node/launch/turtlebot3_fake_node.launch.py
[1.481s] -- Up-to-date symlink: /home/c_nguyen/turtlebot3_ws/install/turtlebot3_fake_node/share/turtlebot3_fake_node/param/burger.yaml
[1.481s] -- Up-to-date symlink: /home/c_nguyen/turtlebot3_ws/install/turtlebot3_fake_node/share/turtlebot3_fake_node/param/waffle.yaml
[1.481s] -- Up-to-date symlink: /home/c_nguyen/turtlebot3_ws/install/turtlebot3_fake_node/share/turtlebot3_fake_node/param/waffle_pi.yaml
[1.482s] -- Up-to-date symlink: /home/c_nguyen/turtlebot3_ws/install/turtlebot3_fake_node/include//turtlebot3_fake_node/turtlebot3_fake_node.hpp
[1.482s] -- Up-to-date symlink: /home/c_nguyen/turtlebot3_ws/install/turtlebot3_fake_node/share/ament_index/resource_index/package_run_dependencies/turtlebot3_fake_node
[1.482s] -- Up-to-date symlink: /home/c_nguyen/turtlebot3_ws/install/turtlebot3_fake_node/share/ament_index/resource_index/parent_prefix_path/turtlebot3_fake_node
[1.483s] -- Up-to-date symlink: /home/c_nguyen/turtlebot3_ws/install/turtlebot3_fake_node/share/turtlebot3_fake_node/environment/ament_prefix_path.sh
[1.483s] -- Up-to-date symlink: /home/c_nguyen/turtlebot3_ws/install/turtlebot3_fake_node/share/turtlebot3_fake_node/environment/ament_prefix_path.dsv
[1.483s] -- Up-to-date symlink: /home/c_nguyen/turtlebot3_ws/install/turtlebot3_fake_node/share/turtlebot3_fake_node/environment/path.sh
[1.483s] -- Up-to-date symlink: /home/c_nguyen/turtlebot3_ws/install/turtlebot3_fake_node/share/turtlebot3_fake_node/environment/path.dsv
[1.483s] -- Up-to-date symlink: /home/c_nguyen/turtlebot3_ws/install/turtlebot3_fake_node/share/turtlebot3_fake_node/local_setup.bash
[1.483s] -- Up-to-date symlink: /home/c_nguyen/turtlebot3_ws/install/turtlebot3_fake_node/share/turtlebot3_fake_node/local_setup.sh
[1.484s] -- Up-to-date symlink: /home/c_nguyen/turtlebot3_ws/install/turtlebot3_fake_node/share/turtlebot3_fake_node/local_setup.zsh
[1.484s] -- Up-to-date symlink: /home/c_nguyen/turtlebot3_ws/install/turtlebot3_fake_node/share/turtlebot3_fake_node/local_setup.dsv
[1.484s] -- Symlinking: /home/c_nguyen/turtlebot3_ws/install/turtlebot3_fake_node/share/turtlebot3_fake_node/package.dsv
[1.494s] -- Up-to-date symlink: /home/c_nguyen/turtlebot3_ws/install/turtlebot3_fake_node/share/ament_index/resource_index/packages/turtlebot3_fake_node
[1.495s] -- Up-to-date symlink: /home/c_nguyen/turtlebot3_ws/install/turtlebot3_fake_node/share/turtlebot3_fake_node/cmake/ament_cmake_export_include_directories-extras.cmake
[1.495s] -- Up-to-date symlink: /home/c_nguyen/turtlebot3_ws/install/turtlebot3_fake_node/share/turtlebot3_fake_node/cmake/ament_cmake_export_dependencies-extras.cmake
[1.495s] -- Up-to-date symlink: /home/c_nguyen/turtlebot3_ws/install/turtlebot3_fake_node/share/turtlebot3_fake_node/cmake/turtlebot3_fake_nodeConfig.cmake
[1.496s] -- Up-to-date symlink: /home/c_nguyen/turtlebot3_ws/install/turtlebot3_fake_node/share/turtlebot3_fake_node/cmake/turtlebot3_fake_nodeConfig-version.cmake
[1.497s] -- Up-to-date symlink: /home/c_nguyen/turtlebot3_ws/install/turtlebot3_fake_node/share/turtlebot3_fake_node/package.xml
[1.499s] Invoked command in '/home/c_nguyen/turtlebot3_ws/build/turtlebot3_fake_node' returned '0': CMAKE_PREFIX_PATH=${CMAKE_PREFIX_PATH}:/opt/ros/humble /usr/bin/cmake --install /home/c_nguyen/turtlebot3_ws/build/turtlebot3_fake_node
