[0.048s] Invoking command in '/home/c_nguyen/turtlebot3_ws/build/turtlebot3_simulations': CMAKE_PREFIX_PATH=/home/c_nguyen/turtlebot3_ws/install/turtlebot3_gazebo:/home/c_nguyen/turtlebot3_ws/install/turtlebot3_fake_node:/home/c_nguyen/turtlebot3_ws/install/turtlebot3_simulations:/opt/ros/humble /usr/bin/cmake --build /home/c_nguyen/turtlebot3_ws/build/turtlebot3_simulations -- -j16 -l16
[0.082s] -- Found ament_cmake: 1.3.5 (/opt/ros/humble/share/ament_cmake/cmake)
[0.250s] -- Override CMake install command with custom implementation using symlinks instead of copying resources
[0.323s] -- Configuring done
[0.326s] -- Generating done
[0.327s] -- Build files have been written to: /home/c_nguyen/turtlebot3_ws/build/turtlebot3_simulations
[0.365s] Invoked command in '/home/c_nguyen/turtlebot3_ws/build/turtlebot3_simulations' returned '0': CMAKE_PREFIX_PATH=/home/c_nguyen/turtlebot3_ws/install/turtlebot3_gazebo:/home/c_nguyen/turtlebot3_ws/install/turtlebot3_fake_node:/home/c_nguyen/turtlebot3_ws/install/turtlebot3_simulations:/opt/ros/humble /usr/bin/cmake --build /home/c_nguyen/turtlebot3_ws/build/turtlebot3_simulations -- -j16 -l16
[0.411s] Invoking command in '/home/c_nguyen/turtlebot3_ws/build/turtlebot3_simulations': CMAKE_PREFIX_PATH=/home/c_nguyen/turtlebot3_ws/install/turtlebot3_gazebo:/home/c_nguyen/turtlebot3_ws/install/turtlebot3_fake_node:/home/c_nguyen/turtlebot3_ws/install/turtlebot3_simulations:/opt/ros/humble /usr/bin/cmake --install /home/c_nguyen/turtlebot3_ws/build/turtlebot3_simulations
[0.419s] -- Install configuration: ""
[0.420s] -- Execute custom install script
[0.420s] -- Up-to-date symlink: /home/c_nguyen/turtlebot3_ws/install/turtlebot3_simulations/share/ament_index/resource_index/package_run_dependencies/turtlebot3_simulations
[0.420s] -- Up-to-date symlink: /home/c_nguyen/turtlebot3_ws/install/turtlebot3_simulations/share/ament_index/resource_index/parent_prefix_path/turtlebot3_simulations
[0.421s] -- Up-to-date symlink: /home/c_nguyen/turtlebot3_ws/install/turtlebot3_simulations/share/turtlebot3_simulations/environment/ament_prefix_path.sh
[0.421s] -- Up-to-date symlink: /home/c_nguyen/turtlebot3_ws/install/turtlebot3_simulations/share/turtlebot3_simulations/environment/ament_prefix_path.dsv
[0.421s] -- Up-to-date symlink: /home/c_nguyen/turtlebot3_ws/install/turtlebot3_simulations/share/turtlebot3_simulations/environment/path.sh
[0.421s] -- Up-to-date symlink: /home/c_nguyen/turtlebot3_ws/install/turtlebot3_simulations/share/turtlebot3_simulations/environment/path.dsv
[0.421s] -- Up-to-date symlink: /home/c_nguyen/turtlebot3_ws/install/turtlebot3_simulations/share/turtlebot3_simulations/local_setup.bash
[0.422s] -- Up-to-date symlink: /home/c_nguyen/turtlebot3_ws/install/turtlebot3_simulations/share/turtlebot3_simulations/local_setup.sh
[0.422s] -- Up-to-date symlink: /home/c_nguyen/turtlebot3_ws/install/turtlebot3_simulations/share/turtlebot3_simulations/local_setup.zsh
[0.422s] -- Up-to-date symlink: /home/c_nguyen/turtlebot3_ws/install/turtlebot3_simulations/share/turtlebot3_simulations/local_setup.dsv
[0.422s] -- Symlinking: /home/c_nguyen/turtlebot3_ws/install/turtlebot3_simulations/share/turtlebot3_simulations/package.dsv
[0.443s] -- Up-to-date symlink: /home/c_nguyen/turtlebot3_ws/install/turtlebot3_simulations/share/ament_index/resource_index/packages/turtlebot3_simulations
[0.443s] -- Up-to-date symlink: /home/c_nguyen/turtlebot3_ws/install/turtlebot3_simulations/share/turtlebot3_simulations/cmake/turtlebot3_simulationsConfig.cmake
[0.443s] -- Up-to-date symlink: /home/c_nguyen/turtlebot3_ws/install/turtlebot3_simulations/share/turtlebot3_simulations/cmake/turtlebot3_simulationsConfig-version.cmake
[0.444s] -- Up-to-date symlink: /home/c_nguyen/turtlebot3_ws/install/turtlebot3_simulations/share/turtlebot3_simulations/package.xml
[0.446s] Invoked command in '/home/c_nguyen/turtlebot3_ws/build/turtlebot3_simulations' returned '0': CMAKE_PREFIX_PATH=/home/c_nguyen/turtlebot3_ws/install/turtlebot3_gazebo:/home/c_nguyen/turtlebot3_ws/install/turtlebot3_fake_node:/home/c_nguyen/turtlebot3_ws/install/turtlebot3_simulations:/opt/ros/humble /usr/bin/cmake --install /home/c_nguyen/turtlebot3_ws/build/turtlebot3_simulations
