[0.058s] Invoking command in '/home/c_nguyen/turtlebot3_ws/src/build/turtlebot3_simulations': AMENT_PREFIX_PATH=/home/c_nguyen/turtlebot3_ws/src/install/turtlebot3_gazebo:/home/c_nguyen/turtlebot3_ws/src/install/turtlebot3_fake_node:${AMENT_PREFIX_PATH} CMAKE_PREFIX_PATH=/home/c_nguyen/turtlebot3_ws/src/install/turtlebot3_gazebo:/home/c_nguyen/turtlebot3_ws/src/install/turtlebot3_fake_node:/home/c_nguyen/turtlebot3_ws/install/turtlebot3_simulations:/home/c_nguyen/turtlebot3_ws/install/turtlebot3_gazebo:/home/c_nguyen/turtlebot3_ws/install/turtlebot3_fake_node:/opt/ros/humble CONDA_PROMPT_MODIFIER=(base) /usr/bin/cmake /home/c_nguyen/turtlebot3_ws/src/turtlebot3_simulations/turtlebot3_simulations -DAMENT_CMAKE_SYMLINK_INSTALL=1 -DCMAKE_INSTALL_PREFIX=/home/c_nguyen/turtlebot3_ws/src/install/turtlebot3_simulations
[0.120s] -- The C compiler identification is GNU 11.4.0
[0.188s] -- The CXX compiler identification is GNU 11.4.0
[0.198s] -- Detecting C compiler ABI info
[0.332s] -- Detecting C compiler ABI info - done
[0.349s] -- Check for working C compiler: /usr/bin/cc - skipped
[0.349s] -- Detecting C compile features
[0.350s] -- Detecting C compile features - done
[0.358s] -- Detecting CXX compiler ABI info
[0.489s] -- Detecting CXX compiler ABI info - done
[0.496s] -- Check for working CXX compiler: /usr/bin/c++ - skipped
[0.496s] -- Detecting CXX compile features
[0.496s] -- Detecting CXX compile features - done
[0.500s] -- Found ament_cmake: 1.3.5 (/opt/ros/humble/share/ament_cmake/cmake)
[0.919s] -- Found Python3: /usr/bin/python3.10 (found version "3.10.12") found components: Interpreter 
[0.975s] -- Override CMake install command with custom implementation using symlinks instead of copying resources
[1.120s] -- Configuring done
[1.122s] -- Generating done
[1.123s] -- Build files have been written to: /home/c_nguyen/turtlebot3_ws/src/build/turtlebot3_simulations
[1.127s] Invoked command in '/home/c_nguyen/turtlebot3_ws/src/build/turtlebot3_simulations' returned '0': AMENT_PREFIX_PATH=/home/c_nguyen/turtlebot3_ws/src/install/turtlebot3_gazebo:/home/c_nguyen/turtlebot3_ws/src/install/turtlebot3_fake_node:${AMENT_PREFIX_PATH} CMAKE_PREFIX_PATH=/home/c_nguyen/turtlebot3_ws/src/install/turtlebot3_gazebo:/home/c_nguyen/turtlebot3_ws/src/install/turtlebot3_fake_node:/home/c_nguyen/turtlebot3_ws/install/turtlebot3_simulations:/home/c_nguyen/turtlebot3_ws/install/turtlebot3_gazebo:/home/c_nguyen/turtlebot3_ws/install/turtlebot3_fake_node:/opt/ros/humble CONDA_PROMPT_MODIFIER=(base) /usr/bin/cmake /home/c_nguyen/turtlebot3_ws/src/turtlebot3_simulations/turtlebot3_simulations -DAMENT_CMAKE_SYMLINK_INSTALL=1 -DCMAKE_INSTALL_PREFIX=/home/c_nguyen/turtlebot3_ws/src/install/turtlebot3_simulations
[1.130s] Invoking command in '/home/c_nguyen/turtlebot3_ws/src/build/turtlebot3_simulations': AMENT_PREFIX_PATH=/home/c_nguyen/turtlebot3_ws/src/install/turtlebot3_gazebo:/home/c_nguyen/turtlebot3_ws/src/install/turtlebot3_fake_node:${AMENT_PREFIX_PATH} CMAKE_PREFIX_PATH=/home/c_nguyen/turtlebot3_ws/src/install/turtlebot3_gazebo:/home/c_nguyen/turtlebot3_ws/src/install/turtlebot3_fake_node:/home/c_nguyen/turtlebot3_ws/install/turtlebot3_simulations:/home/c_nguyen/turtlebot3_ws/install/turtlebot3_gazebo:/home/c_nguyen/turtlebot3_ws/install/turtlebot3_fake_node:/opt/ros/humble CONDA_PROMPT_MODIFIER=(base) /usr/bin/cmake --build /home/c_nguyen/turtlebot3_ws/src/build/turtlebot3_simulations -- -j16 -l16
[1.187s] Invoked command in '/home/c_nguyen/turtlebot3_ws/src/build/turtlebot3_simulations' returned '0': AMENT_PREFIX_PATH=/home/c_nguyen/turtlebot3_ws/src/install/turtlebot3_gazebo:/home/c_nguyen/turtlebot3_ws/src/install/turtlebot3_fake_node:${AMENT_PREFIX_PATH} CMAKE_PREFIX_PATH=/home/c_nguyen/turtlebot3_ws/src/install/turtlebot3_gazebo:/home/c_nguyen/turtlebot3_ws/src/install/turtlebot3_fake_node:/home/c_nguyen/turtlebot3_ws/install/turtlebot3_simulations:/home/c_nguyen/turtlebot3_ws/install/turtlebot3_gazebo:/home/c_nguyen/turtlebot3_ws/install/turtlebot3_fake_node:/opt/ros/humble CONDA_PROMPT_MODIFIER=(base) /usr/bin/cmake --build /home/c_nguyen/turtlebot3_ws/src/build/turtlebot3_simulations -- -j16 -l16
[1.231s] Invoking command in '/home/c_nguyen/turtlebot3_ws/src/build/turtlebot3_simulations': AMENT_PREFIX_PATH=/home/c_nguyen/turtlebot3_ws/src/install/turtlebot3_gazebo:/home/c_nguyen/turtlebot3_ws/src/install/turtlebot3_fake_node:${AMENT_PREFIX_PATH} CMAKE_PREFIX_PATH=/home/c_nguyen/turtlebot3_ws/src/install/turtlebot3_gazebo:/home/c_nguyen/turtlebot3_ws/src/install/turtlebot3_fake_node:/home/c_nguyen/turtlebot3_ws/install/turtlebot3_simulations:/home/c_nguyen/turtlebot3_ws/install/turtlebot3_gazebo:/home/c_nguyen/turtlebot3_ws/install/turtlebot3_fake_node:/opt/ros/humble CONDA_PROMPT_MODIFIER=(base) /usr/bin/cmake --install /home/c_nguyen/turtlebot3_ws/src/build/turtlebot3_simulations
[1.240s] -- Install configuration: ""
[1.240s] -- Execute custom install script
[1.240s] -- Symlinking: /home/c_nguyen/turtlebot3_ws/src/install/turtlebot3_simulations/share/ament_index/resource_index/package_run_dependencies/turtlebot3_simulations
[1.251s] -- Symlinking: /home/c_nguyen/turtlebot3_ws/src/install/turtlebot3_simulations/share/ament_index/resource_index/parent_prefix_path/turtlebot3_simulations
[1.261s] -- Symlinking: /home/c_nguyen/turtlebot3_ws/src/install/turtlebot3_simulations/share/turtlebot3_simulations/environment/ament_prefix_path.sh
[1.272s] -- Symlinking: /home/c_nguyen/turtlebot3_ws/src/install/turtlebot3_simulations/share/turtlebot3_simulations/environment/ament_prefix_path.dsv
[1.291s] -- Symlinking: /home/c_nguyen/turtlebot3_ws/src/install/turtlebot3_simulations/share/turtlebot3_simulations/environment/path.sh
[1.303s] -- Symlinking: /home/c_nguyen/turtlebot3_ws/src/install/turtlebot3_simulations/share/turtlebot3_simulations/environment/path.dsv
[1.322s] -- Symlinking: /home/c_nguyen/turtlebot3_ws/src/install/turtlebot3_simulations/share/turtlebot3_simulations/local_setup.bash
[1.333s] -- Symlinking: /home/c_nguyen/turtlebot3_ws/src/install/turtlebot3_simulations/share/turtlebot3_simulations/local_setup.sh
[1.343s] -- Symlinking: /home/c_nguyen/turtlebot3_ws/src/install/turtlebot3_simulations/share/turtlebot3_simulations/local_setup.zsh
[1.355s] -- Symlinking: /home/c_nguyen/turtlebot3_ws/src/install/turtlebot3_simulations/share/turtlebot3_simulations/local_setup.dsv
[1.365s] -- Symlinking: /home/c_nguyen/turtlebot3_ws/src/install/turtlebot3_simulations/share/turtlebot3_simulations/package.dsv
[1.377s] -- Symlinking: /home/c_nguyen/turtlebot3_ws/src/install/turtlebot3_simulations/share/ament_index/resource_index/packages/turtlebot3_simulations
[1.388s] -- Symlinking: /home/c_nguyen/turtlebot3_ws/src/install/turtlebot3_simulations/share/turtlebot3_simulations/cmake/turtlebot3_simulationsConfig.cmake
[1.399s] -- Symlinking: /home/c_nguyen/turtlebot3_ws/src/install/turtlebot3_simulations/share/turtlebot3_simulations/cmake/turtlebot3_simulationsConfig-version.cmake
[1.409s] -- Symlinking: /home/c_nguyen/turtlebot3_ws/src/install/turtlebot3_simulations/share/turtlebot3_simulations/package.xml
[1.425s] Invoked command in '/home/c_nguyen/turtlebot3_ws/src/build/turtlebot3_simulations' returned '0': AMENT_PREFIX_PATH=/home/c_nguyen/turtlebot3_ws/src/install/turtlebot3_gazebo:/home/c_nguyen/turtlebot3_ws/src/install/turtlebot3_fake_node:${AMENT_PREFIX_PATH} CMAKE_PREFIX_PATH=/home/c_nguyen/turtlebot3_ws/src/install/turtlebot3_gazebo:/home/c_nguyen/turtlebot3_ws/src/install/turtlebot3_fake_node:/home/c_nguyen/turtlebot3_ws/install/turtlebot3_simulations:/home/c_nguyen/turtlebot3_ws/install/turtlebot3_gazebo:/home/c_nguyen/turtlebot3_ws/install/turtlebot3_fake_node:/opt/ros/humble CONDA_PROMPT_MODIFIER=(base) /usr/bin/cmake --install /home/c_nguyen/turtlebot3_ws/src/build/turtlebot3_simulations
