[0.117s] Invoking command in '/home/c_nguyen/turtlebot3_ws/build/turtlebot3_simulations': AMENT_PREFIX_PATH=/home/c_nguyen/turtlebot3_ws/install/turtlebot3_gazebo:/home/c_nguyen/turtlebot3_ws/install/turtlebot3_fake_node:${AMENT_PREFIX_PATH} CMAKE_PREFIX_PATH=/home/c_nguyen/turtlebot3_ws/install/turtlebot3_gazebo:/home/c_nguyen/turtlebot3_ws/install/turtlebot3_fake_node:/home/c_nguyen/turtlebot3_ws/install/turtlebot3_simulations:/opt/ros/humble /usr/bin/cmake /home/c_nguyen/turtlebot3_ws/src/turtlebot3_simulations/turtlebot3_simulations -DCMAKE_INSTALL_PREFIX=/home/c_nguyen/turtlebot3_ws/install/turtlebot3_simulations
[0.135s] -- Found ament_cmake: 1.3.5 (/opt/ros/humble/share/ament_cmake/cmake)
[0.361s] -- Override CMake install command with custom implementation using symlinks instead of copying resources
[0.495s] -- Configuring done
[0.503s] -- Generating done
[0.506s] -- Build files have been written to: /home/c_nguyen/turtlebot3_ws/build/turtlebot3_simulations
[0.513s] Invoked command in '/home/c_nguyen/turtlebot3_ws/build/turtlebot3_simulations' returned '0': AMENT_PREFIX_PATH=/home/c_nguyen/turtlebot3_ws/install/turtlebot3_gazebo:/home/c_nguyen/turtlebot3_ws/install/turtlebot3_fake_node:${AMENT_PREFIX_PATH} CMAKE_PREFIX_PATH=/home/c_nguyen/turtlebot3_ws/install/turtlebot3_gazebo:/home/c_nguyen/turtlebot3_ws/install/turtlebot3_fake_node:/home/c_nguyen/turtlebot3_ws/install/turtlebot3_simulations:/opt/ros/humble /usr/bin/cmake /home/c_nguyen/turtlebot3_ws/src/turtlebot3_simulations/turtlebot3_simulations -DCMAKE_INSTALL_PREFIX=/home/c_nguyen/turtlebot3_ws/install/turtlebot3_simulations
[0.515s] Invoking command in '/home/c_nguyen/turtlebot3_ws/build/turtlebot3_simulations': AMENT_PREFIX_PATH=/home/c_nguyen/turtlebot3_ws/install/turtlebot3_gazebo:/home/c_nguyen/turtlebot3_ws/install/turtlebot3_fake_node:${AMENT_PREFIX_PATH} CMAKE_PREFIX_PATH=/home/c_nguyen/turtlebot3_ws/install/turtlebot3_gazebo:/home/c_nguyen/turtlebot3_ws/install/turtlebot3_fake_node:/home/c_nguyen/turtlebot3_ws/install/turtlebot3_simulations:/opt/ros/humble /usr/bin/cmake --build /home/c_nguyen/turtlebot3_ws/build/turtlebot3_simulations -- -j16 -l16
[0.599s] Invoked command in '/home/c_nguyen/turtlebot3_ws/build/turtlebot3_simulations' returned '0': AMENT_PREFIX_PATH=/home/c_nguyen/turtlebot3_ws/install/turtlebot3_gazebo:/home/c_nguyen/turtlebot3_ws/install/turtlebot3_fake_node:${AMENT_PREFIX_PATH} CMAKE_PREFIX_PATH=/home/c_nguyen/turtlebot3_ws/install/turtlebot3_gazebo:/home/c_nguyen/turtlebot3_ws/install/turtlebot3_fake_node:/home/c_nguyen/turtlebot3_ws/install/turtlebot3_simulations:/opt/ros/humble /usr/bin/cmake --build /home/c_nguyen/turtlebot3_ws/build/turtlebot3_simulations -- -j16 -l16
[0.646s] Invoking command in '/home/c_nguyen/turtlebot3_ws/build/turtlebot3_simulations': AMENT_PREFIX_PATH=/home/c_nguyen/turtlebot3_ws/install/turtlebot3_gazebo:/home/c_nguyen/turtlebot3_ws/install/turtlebot3_fake_node:${AMENT_PREFIX_PATH} CMAKE_PREFIX_PATH=/home/c_nguyen/turtlebot3_ws/install/turtlebot3_gazebo:/home/c_nguyen/turtlebot3_ws/install/turtlebot3_fake_node:/home/c_nguyen/turtlebot3_ws/install/turtlebot3_simulations:/opt/ros/humble /usr/bin/cmake --install /home/c_nguyen/turtlebot3_ws/build/turtlebot3_simulations
[0.664s] -- Install configuration: ""
[0.665s] -- Execute custom install script
[0.666s] -- Up-to-date symlink: /home/c_nguyen/turtlebot3_ws/install/turtlebot3_simulations/share/ament_index/resource_index/package_run_dependencies/turtlebot3_simulations
[0.666s] -- Up-to-date symlink: /home/c_nguyen/turtlebot3_ws/install/turtlebot3_simulations/share/ament_index/resource_index/parent_prefix_path/turtlebot3_simulations
[0.667s] -- Up-to-date symlink: /home/c_nguyen/turtlebot3_ws/install/turtlebot3_simulations/share/turtlebot3_simulations/environment/ament_prefix_path.sh
[0.667s] -- Up-to-date symlink: /home/c_nguyen/turtlebot3_ws/install/turtlebot3_simulations/share/turtlebot3_simulations/environment/ament_prefix_path.dsv
[0.667s] -- Up-to-date symlink: /home/c_nguyen/turtlebot3_ws/install/turtlebot3_simulations/share/turtlebot3_simulations/environment/path.sh
[0.668s] -- Up-to-date symlink: /home/c_nguyen/turtlebot3_ws/install/turtlebot3_simulations/share/turtlebot3_simulations/environment/path.dsv
[0.668s] -- Up-to-date symlink: /home/c_nguyen/turtlebot3_ws/install/turtlebot3_simulations/share/turtlebot3_simulations/local_setup.bash
[0.669s] -- Up-to-date symlink: /home/c_nguyen/turtlebot3_ws/install/turtlebot3_simulations/share/turtlebot3_simulations/local_setup.sh
[0.669s] -- Up-to-date symlink: /home/c_nguyen/turtlebot3_ws/install/turtlebot3_simulations/share/turtlebot3_simulations/local_setup.zsh
[0.669s] -- Up-to-date symlink: /home/c_nguyen/turtlebot3_ws/install/turtlebot3_simulations/share/turtlebot3_simulations/local_setup.dsv
[0.670s] -- Symlinking: /home/c_nguyen/turtlebot3_ws/install/turtlebot3_simulations/share/turtlebot3_simulations/package.dsv
[0.697s] -- Up-to-date symlink: /home/c_nguyen/turtlebot3_ws/install/turtlebot3_simulations/share/ament_index/resource_index/packages/turtlebot3_simulations
[0.697s] -- Up-to-date symlink: /home/c_nguyen/turtlebot3_ws/install/turtlebot3_simulations/share/turtlebot3_simulations/cmake/turtlebot3_simulationsConfig.cmake
[0.698s] -- Up-to-date symlink: /home/c_nguyen/turtlebot3_ws/install/turtlebot3_simulations/share/turtlebot3_simulations/cmake/turtlebot3_simulationsConfig-version.cmake
[0.698s] -- Up-to-date symlink: /home/c_nguyen/turtlebot3_ws/install/turtlebot3_simulations/share/turtlebot3_simulations/package.xml
[0.704s] Invoked command in '/home/c_nguyen/turtlebot3_ws/build/turtlebot3_simulations' returned '0': AMENT_PREFIX_PATH=/home/c_nguyen/turtlebot3_ws/install/turtlebot3_gazebo:/home/c_nguyen/turtlebot3_ws/install/turtlebot3_fake_node:${AMENT_PREFIX_PATH} CMAKE_PREFIX_PATH=/home/c_nguyen/turtlebot3_ws/install/turtlebot3_gazebo:/home/c_nguyen/turtlebot3_ws/install/turtlebot3_fake_node:/home/c_nguyen/turtlebot3_ws/install/turtlebot3_simulations:/opt/ros/humble /usr/bin/cmake --install /home/c_nguyen/turtlebot3_ws/build/turtlebot3_simulations
