[1.293s] DEBUG:colcon:Command line arguments: ['/usr/bin/colcon', 'build', '--symlink-install']
[1.293s] DEBUG:colcon:Parsed command line arguments: Namespace(log_base=None, log_level=None, verb_name='build', build_base='build', install_base='install', merge_install=False, symlink_install=True, test_result_base=None, continue_on_error=False, executor='parallel', parallel_workers=16, event_handlers=None, ignore_user_meta=False, metas=['./colcon.meta'], base_paths=['.'], packages_ignore=None, packages_ignore_regex=None, paths=None, packages_up_to=None, packages_up_to_regex=None, packages_above=None, packages_above_and_dependencies=None, packages_above_depth=None, packages_select_by_dep=None, packages_skip_by_dep=None, packages_skip_up_to=None, packages_select_build_failed=False, packages_skip_build_finished=False, packages_select_test_failures=False, packages_skip_test_passed=False, packages_select=None, packages_skip=None, packages_select_regex=None, packages_skip_regex=None, packages_start=None, packages_end=None, allow_overriding=[], cmake_args=None, cmake_target=None, cmake_target_skip_unavailable=False, cmake_clean_cache=False, cmake_clean_first=False, cmake_force_configure=False, ament_cmake_args=None, catkin_cmake_args=None, catkin_skip_building_tests=False, verb_parser=<colcon_defaults.argument_parser.defaults.DefaultArgumentsDecorator object at 0x7f39e11c0730>, verb_extension=<colcon_core.verb.build.BuildVerb object at 0x7f39e11c0250>, main=<bound method BuildVerb.main of <colcon_core.verb.build.BuildVerb object at 0x7f39e11c0250>>)
[1.367s] Level 1:colcon.colcon_core.package_discovery:discover_packages(colcon_meta) check parameters
[1.367s] Level 1:colcon.colcon_core.package_discovery:discover_packages(recursive) check parameters
[1.367s] Level 1:colcon.colcon_core.package_discovery:discover_packages(ignore) check parameters
[1.367s] Level 1:colcon.colcon_core.package_discovery:discover_packages(path) check parameters
[1.367s] Level 1:colcon.colcon_core.package_discovery:discover_packages(colcon_meta) discover
[1.367s] Level 1:colcon.colcon_core.package_discovery:discover_packages(recursive) discover
[1.367s] INFO:colcon.colcon_core.package_discovery:Crawling recursively for packages in '/home/c_nguyen/turtlebot3_ws'
[1.368s] Level 1:colcon.colcon_core.package_identification:_identify(.) by extensions ['ignore', 'ignore_ament_install']
[1.368s] Level 1:colcon.colcon_core.package_identification:_identify(.) by extension 'ignore'
[1.368s] Level 1:colcon.colcon_core.package_identification:_identify(.) by extension 'ignore_ament_install'
[1.368s] Level 1:colcon.colcon_core.package_identification:_identify(.) by extensions ['colcon_pkg']
[1.368s] Level 1:colcon.colcon_core.package_identification:_identify(.) by extension 'colcon_pkg'
[1.368s] Level 1:colcon.colcon_core.package_identification:_identify(.) by extensions ['colcon_meta']
[1.368s] Level 1:colcon.colcon_core.package_identification:_identify(.) by extension 'colcon_meta'
[1.368s] Level 1:colcon.colcon_core.package_identification:_identify(.) by extensions ['ros']
[1.368s] Level 1:colcon.colcon_core.package_identification:_identify(.) by extension 'ros'
[1.387s] Level 1:colcon.colcon_core.package_identification:_identify(.) by extensions ['cmake', 'python']
[1.387s] Level 1:colcon.colcon_core.package_identification:_identify(.) by extension 'cmake'
[1.387s] Level 1:colcon.colcon_core.package_identification:_identify(.) by extension 'python'
[1.387s] Level 1:colcon.colcon_core.package_identification:_identify(.) by extensions ['python_setup_py']
[1.387s] Level 1:colcon.colcon_core.package_identification:_identify(.) by extension 'python_setup_py'
[1.388s] Level 1:colcon.colcon_core.package_identification:_identify(build) by extensions ['ignore', 'ignore_ament_install']
[1.388s] Level 1:colcon.colcon_core.package_identification:_identify(build) by extension 'ignore'
[1.388s] Level 1:colcon.colcon_core.package_identification:_identify(build) ignored
[1.388s] Level 1:colcon.colcon_core.package_identification:_identify(install) by extensions ['ignore', 'ignore_ament_install']
[1.388s] Level 1:colcon.colcon_core.package_identification:_identify(install) by extension 'ignore'
[1.388s] Level 1:colcon.colcon_core.package_identification:_identify(install) ignored
[1.388s] Level 1:colcon.colcon_core.package_identification:_identify(log) by extensions ['ignore', 'ignore_ament_install']
[1.388s] Level 1:colcon.colcon_core.package_identification:_identify(log) by extension 'ignore'
[1.388s] Level 1:colcon.colcon_core.package_identification:_identify(log) ignored
[1.388s] Level 1:colcon.colcon_core.package_identification:_identify(sr) by extensions ['ignore', 'ignore_ament_install']
[1.389s] Level 1:colcon.colcon_core.package_identification:_identify(sr) by extension 'ignore'
[1.389s] Level 1:colcon.colcon_core.package_identification:_identify(sr) by extension 'ignore_ament_install'
[1.389s] Level 1:colcon.colcon_core.package_identification:_identify(sr) by extensions ['colcon_pkg']
[1.389s] Level 1:colcon.colcon_core.package_identification:_identify(sr) by extension 'colcon_pkg'
[1.389s] Level 1:colcon.colcon_core.package_identification:_identify(sr) by extensions ['colcon_meta']
[1.389s] Level 1:colcon.colcon_core.package_identification:_identify(sr) by extension 'colcon_meta'
[1.389s] Level 1:colcon.colcon_core.package_identification:_identify(sr) by extensions ['ros']
[1.389s] Level 1:colcon.colcon_core.package_identification:_identify(sr) by extension 'ros'
[1.389s] Level 1:colcon.colcon_core.package_identification:_identify(sr) by extensions ['cmake', 'python']
[1.389s] Level 1:colcon.colcon_core.package_identification:_identify(sr) by extension 'cmake'
[1.389s] Level 1:colcon.colcon_core.package_identification:_identify(sr) by extension 'python'
[1.389s] Level 1:colcon.colcon_core.package_identification:_identify(sr) by extensions ['python_setup_py']
[1.389s] Level 1:colcon.colcon_core.package_identification:_identify(sr) by extension 'python_setup_py'
[1.389s] Level 1:colcon.colcon_core.package_identification:_identify(src) by extensions ['ignore', 'ignore_ament_install']
[1.389s] Level 1:colcon.colcon_core.package_identification:_identify(src) by extension 'ignore'
[1.390s] Level 1:colcon.colcon_core.package_identification:_identify(src) by extension 'ignore_ament_install'
[1.390s] Level 1:colcon.colcon_core.package_identification:_identify(src) by extensions ['colcon_pkg']
[1.390s] Level 1:colcon.colcon_core.package_identification:_identify(src) by extension 'colcon_pkg'
[1.390s] Level 1:colcon.colcon_core.package_identification:_identify(src) by extensions ['colcon_meta']
[1.390s] Level 1:colcon.colcon_core.package_identification:_identify(src) by extension 'colcon_meta'
[1.390s] Level 1:colcon.colcon_core.package_identification:_identify(src) by extensions ['ros']
[1.390s] Level 1:colcon.colcon_core.package_identification:_identify(src) by extension 'ros'
[1.390s] Level 1:colcon.colcon_core.package_identification:_identify(src) by extensions ['cmake', 'python']
[1.390s] Level 1:colcon.colcon_core.package_identification:_identify(src) by extension 'cmake'
[1.390s] Level 1:colcon.colcon_core.package_identification:_identify(src) by extension 'python'
[1.390s] Level 1:colcon.colcon_core.package_identification:_identify(src) by extensions ['python_setup_py']
[1.390s] Level 1:colcon.colcon_core.package_identification:_identify(src) by extension 'python_setup_py'
[1.390s] Level 1:colcon.colcon_core.package_identification:_identify(src/turtlebot3_simulations) by extensions ['ignore', 'ignore_ament_install']
[1.390s] Level 1:colcon.colcon_core.package_identification:_identify(src/turtlebot3_simulations) by extension 'ignore'
[1.390s] Level 1:colcon.colcon_core.package_identification:_identify(src/turtlebot3_simulations) by extension 'ignore_ament_install'
[1.390s] Level 1:colcon.colcon_core.package_identification:_identify(src/turtlebot3_simulations) by extensions ['colcon_pkg']
[1.391s] Level 1:colcon.colcon_core.package_identification:_identify(src/turtlebot3_simulations) by extension 'colcon_pkg'
[1.391s] Level 1:colcon.colcon_core.package_identification:_identify(src/turtlebot3_simulations) by extensions ['colcon_meta']
[1.391s] Level 1:colcon.colcon_core.package_identification:_identify(src/turtlebot3_simulations) by extension 'colcon_meta'
[1.391s] Level 1:colcon.colcon_core.package_identification:_identify(src/turtlebot3_simulations) by extensions ['ros']
[1.391s] Level 1:colcon.colcon_core.package_identification:_identify(src/turtlebot3_simulations) by extension 'ros'
[1.391s] Level 1:colcon.colcon_core.package_identification:_identify(src/turtlebot3_simulations) by extensions ['cmake', 'python']
[1.391s] Level 1:colcon.colcon_core.package_identification:_identify(src/turtlebot3_simulations) by extension 'cmake'
[1.391s] Level 1:colcon.colcon_core.package_identification:_identify(src/turtlebot3_simulations) by extension 'python'
[1.391s] Level 1:colcon.colcon_core.package_identification:_identify(src/turtlebot3_simulations) by extensions ['python_setup_py']
[1.391s] Level 1:colcon.colcon_core.package_identification:_identify(src/turtlebot3_simulations) by extension 'python_setup_py'
[1.391s] Level 1:colcon.colcon_core.package_identification:_identify(src/turtlebot3_simulations/turtlebot3_fake_node) by extensions ['ignore', 'ignore_ament_install']
[1.391s] Level 1:colcon.colcon_core.package_identification:_identify(src/turtlebot3_simulations/turtlebot3_fake_node) by extension 'ignore'
[1.391s] Level 1:colcon.colcon_core.package_identification:_identify(src/turtlebot3_simulations/turtlebot3_fake_node) by extension 'ignore_ament_install'
[1.391s] Level 1:colcon.colcon_core.package_identification:_identify(src/turtlebot3_simulations/turtlebot3_fake_node) by extensions ['colcon_pkg']
[1.391s] Level 1:colcon.colcon_core.package_identification:_identify(src/turtlebot3_simulations/turtlebot3_fake_node) by extension 'colcon_pkg'
[1.391s] Level 1:colcon.colcon_core.package_identification:_identify(src/turtlebot3_simulations/turtlebot3_fake_node) by extensions ['colcon_meta']
[1.392s] Level 1:colcon.colcon_core.package_identification:_identify(src/turtlebot3_simulations/turtlebot3_fake_node) by extension 'colcon_meta'
[1.392s] Level 1:colcon.colcon_core.package_identification:_identify(src/turtlebot3_simulations/turtlebot3_fake_node) by extensions ['ros']
[1.392s] Level 1:colcon.colcon_core.package_identification:_identify(src/turtlebot3_simulations/turtlebot3_fake_node) by extension 'ros'
[1.396s] DEBUG:colcon.colcon_core.package_identification:Package 'src/turtlebot3_simulations/turtlebot3_fake_node' with type 'ros.ament_cmake' and name 'turtlebot3_fake_node'
[1.396s] Level 1:colcon.colcon_core.package_identification:_identify(src/turtlebot3_simulations/turtlebot3_gazebo) by extensions ['ignore', 'ignore_ament_install']
[1.396s] Level 1:colcon.colcon_core.package_identification:_identify(src/turtlebot3_simulations/turtlebot3_gazebo) by extension 'ignore'
[1.396s] Level 1:colcon.colcon_core.package_identification:_identify(src/turtlebot3_simulations/turtlebot3_gazebo) by extension 'ignore_ament_install'
[1.396s] Level 1:colcon.colcon_core.package_identification:_identify(src/turtlebot3_simulations/turtlebot3_gazebo) by extensions ['colcon_pkg']
[1.396s] Level 1:colcon.colcon_core.package_identification:_identify(src/turtlebot3_simulations/turtlebot3_gazebo) by extension 'colcon_pkg'
[1.396s] Level 1:colcon.colcon_core.package_identification:_identify(src/turtlebot3_simulations/turtlebot3_gazebo) by extensions ['colcon_meta']
[1.396s] Level 1:colcon.colcon_core.package_identification:_identify(src/turtlebot3_simulations/turtlebot3_gazebo) by extension 'colcon_meta'
[1.396s] Level 1:colcon.colcon_core.package_identification:_identify(src/turtlebot3_simulations/turtlebot3_gazebo) by extensions ['ros']
[1.396s] Level 1:colcon.colcon_core.package_identification:_identify(src/turtlebot3_simulations/turtlebot3_gazebo) by extension 'ros'
[1.398s] DEBUG:colcon.colcon_core.package_identification:Package 'src/turtlebot3_simulations/turtlebot3_gazebo' with type 'ros.ament_cmake' and name 'turtlebot3_gazebo'
[1.398s] Level 1:colcon.colcon_core.package_identification:_identify(src/turtlebot3_simulations/turtlebot3_simulations) by extensions ['ignore', 'ignore_ament_install']
[1.398s] Level 1:colcon.colcon_core.package_identification:_identify(src/turtlebot3_simulations/turtlebot3_simulations) by extension 'ignore'
[1.398s] Level 1:colcon.colcon_core.package_identification:_identify(src/turtlebot3_simulations/turtlebot3_simulations) by extension 'ignore_ament_install'
[1.398s] Level 1:colcon.colcon_core.package_identification:_identify(src/turtlebot3_simulations/turtlebot3_simulations) by extensions ['colcon_pkg']
[1.398s] Level 1:colcon.colcon_core.package_identification:_identify(src/turtlebot3_simulations/turtlebot3_simulations) by extension 'colcon_pkg'
[1.398s] Level 1:colcon.colcon_core.package_identification:_identify(src/turtlebot3_simulations/turtlebot3_simulations) by extensions ['colcon_meta']
[1.398s] Level 1:colcon.colcon_core.package_identification:_identify(src/turtlebot3_simulations/turtlebot3_simulations) by extension 'colcon_meta'
[1.398s] Level 1:colcon.colcon_core.package_identification:_identify(src/turtlebot3_simulations/turtlebot3_simulations) by extensions ['ros']
[1.398s] Level 1:colcon.colcon_core.package_identification:_identify(src/turtlebot3_simulations/turtlebot3_simulations) by extension 'ros'
[1.399s] DEBUG:colcon.colcon_core.package_identification:Package 'src/turtlebot3_simulations/turtlebot3_simulations' with type 'ros.ament_cmake' and name 'turtlebot3_simulations'
[1.399s] Level 1:colcon.colcon_core.package_discovery:discover_packages(recursive) using defaults
[1.399s] Level 1:colcon.colcon_core.package_discovery:discover_packages(ignore) discover
[1.399s] Level 1:colcon.colcon_core.package_discovery:discover_packages(ignore) using defaults
[1.399s] Level 1:colcon.colcon_core.package_discovery:discover_packages(path) discover
[1.399s] Level 1:colcon.colcon_core.package_discovery:discover_packages(path) using defaults
[1.520s] Level 1:colcon.colcon_core.package_discovery:discover_packages(prefix_path) check parameters
[1.520s] Level 1:colcon.colcon_core.package_discovery:discover_packages(prefix_path) discover
[1.562s] DEBUG:colcon.colcon_installed_package_information.package_discovery:Found 390 installed packages in /opt/ros/humble
[1.564s] Level 1:colcon.colcon_core.package_discovery:discover_packages(prefix_path) using defaults
[1.679s] Level 5:colcon.colcon_core.verb:set package 'turtlebot3_fake_node' build argument 'cmake_args' from command line to 'None'
[1.679s] Level 5:colcon.colcon_core.verb:set package 'turtlebot3_fake_node' build argument 'cmake_target' from command line to 'None'
[1.679s] Level 5:colcon.colcon_core.verb:set package 'turtlebot3_fake_node' build argument 'cmake_target_skip_unavailable' from command line to 'False'
[1.679s] Level 5:colcon.colcon_core.verb:set package 'turtlebot3_fake_node' build argument 'cmake_clean_cache' from command line to 'False'
[1.679s] Level 5:colcon.colcon_core.verb:set package 'turtlebot3_fake_node' build argument 'cmake_clean_first' from command line to 'False'
[1.679s] Level 5:colcon.colcon_core.verb:set package 'turtlebot3_fake_node' build argument 'cmake_force_configure' from command line to 'False'
[1.679s] Level 5:colcon.colcon_core.verb:set package 'turtlebot3_fake_node' build argument 'ament_cmake_args' from command line to 'None'
[1.679s] Level 5:colcon.colcon_core.verb:set package 'turtlebot3_fake_node' build argument 'catkin_cmake_args' from command line to 'None'
[1.680s] Level 5:colcon.colcon_core.verb:set package 'turtlebot3_fake_node' build argument 'catkin_skip_building_tests' from command line to 'False'
[1.680s] DEBUG:colcon.colcon_core.verb:Building package 'turtlebot3_fake_node' with the following arguments: {'ament_cmake_args': None, 'build_base': '/home/c_nguyen/turtlebot3_ws/build/turtlebot3_fake_node', 'catkin_cmake_args': None, 'catkin_skip_building_tests': False, 'cmake_args': None, 'cmake_clean_cache': False, 'cmake_clean_first': False, 'cmake_force_configure': False, 'cmake_target': None, 'cmake_target_skip_unavailable': False, 'install_base': '/home/c_nguyen/turtlebot3_ws/install/turtlebot3_fake_node', 'merge_install': False, 'path': '/home/c_nguyen/turtlebot3_ws/src/turtlebot3_simulations/turtlebot3_fake_node', 'symlink_install': True, 'test_result_base': None}
[1.699s] Level 5:colcon.colcon_core.verb:set package 'turtlebot3_gazebo' build argument 'cmake_args' from command line to 'None'
[1.699s] Level 5:colcon.colcon_core.verb:set package 'turtlebot3_gazebo' build argument 'cmake_target' from command line to 'None'
[1.699s] Level 5:colcon.colcon_core.verb:set package 'turtlebot3_gazebo' build argument 'cmake_target_skip_unavailable' from command line to 'False'
[1.699s] Level 5:colcon.colcon_core.verb:set package 'turtlebot3_gazebo' build argument 'cmake_clean_cache' from command line to 'False'
[1.699s] Level 5:colcon.colcon_core.verb:set package 'turtlebot3_gazebo' build argument 'cmake_clean_first' from command line to 'False'
[1.699s] Level 5:colcon.colcon_core.verb:set package 'turtlebot3_gazebo' build argument 'cmake_force_configure' from command line to 'False'
[1.699s] Level 5:colcon.colcon_core.verb:set package 'turtlebot3_gazebo' build argument 'ament_cmake_args' from command line to 'None'
[1.699s] Level 5:colcon.colcon_core.verb:set package 'turtlebot3_gazebo' build argument 'catkin_cmake_args' from command line to 'None'
[1.699s] Level 5:colcon.colcon_core.verb:set package 'turtlebot3_gazebo' build argument 'catkin_skip_building_tests' from command line to 'False'
[1.699s] DEBUG:colcon.colcon_core.verb:Building package 'turtlebot3_gazebo' with the following arguments: {'ament_cmake_args': None, 'build_base': '/home/c_nguyen/turtlebot3_ws/build/turtlebot3_gazebo', 'catkin_cmake_args': None, 'catkin_skip_building_tests': False, 'cmake_args': None, 'cmake_clean_cache': False, 'cmake_clean_first': False, 'cmake_force_configure': False, 'cmake_target': None, 'cmake_target_skip_unavailable': False, 'install_base': '/home/c_nguyen/turtlebot3_ws/install/turtlebot3_gazebo', 'merge_install': False, 'path': '/home/c_nguyen/turtlebot3_ws/src/turtlebot3_simulations/turtlebot3_gazebo', 'symlink_install': True, 'test_result_base': None}
[1.718s] Level 5:colcon.colcon_core.verb:set package 'turtlebot3_simulations' build argument 'cmake_args' from command line to 'None'
[1.718s] Level 5:colcon.colcon_core.verb:set package 'turtlebot3_simulations' build argument 'cmake_target' from command line to 'None'
[1.718s] Level 5:colcon.colcon_core.verb:set package 'turtlebot3_simulations' build argument 'cmake_target_skip_unavailable' from command line to 'False'
[1.718s] Level 5:colcon.colcon_core.verb:set package 'turtlebot3_simulations' build argument 'cmake_clean_cache' from command line to 'False'
[1.718s] Level 5:colcon.colcon_core.verb:set package 'turtlebot3_simulations' build argument 'cmake_clean_first' from command line to 'False'
[1.718s] Level 5:colcon.colcon_core.verb:set package 'turtlebot3_simulations' build argument 'cmake_force_configure' from command line to 'False'
[1.719s] Level 5:colcon.colcon_core.verb:set package 'turtlebot3_simulations' build argument 'ament_cmake_args' from command line to 'None'
[1.719s] Level 5:colcon.colcon_core.verb:set package 'turtlebot3_simulations' build argument 'catkin_cmake_args' from command line to 'None'
[1.719s] Level 5:colcon.colcon_core.verb:set package 'turtlebot3_simulations' build argument 'catkin_skip_building_tests' from command line to 'False'
[1.719s] DEBUG:colcon.colcon_core.verb:Building package 'turtlebot3_simulations' with the following arguments: {'ament_cmake_args': None, 'build_base': '/home/c_nguyen/turtlebot3_ws/build/turtlebot3_simulations', 'catkin_cmake_args': None, 'catkin_skip_building_tests': False, 'cmake_args': None, 'cmake_clean_cache': False, 'cmake_clean_first': False, 'cmake_force_configure': False, 'cmake_target': None, 'cmake_target_skip_unavailable': False, 'install_base': '/home/c_nguyen/turtlebot3_ws/install/turtlebot3_simulations', 'merge_install': False, 'path': '/home/c_nguyen/turtlebot3_ws/src/turtlebot3_simulations/turtlebot3_simulations', 'symlink_install': True, 'test_result_base': None}
[1.738s] INFO:colcon.colcon_core.executor:Executing jobs using 'parallel' executor
[1.758s] DEBUG:colcon.colcon_parallel_executor.executor.parallel:run_until_complete
[1.758s] INFO:colcon.colcon_ros.task.ament_cmake.build:Building ROS package in '/home/c_nguyen/turtlebot3_ws/src/turtlebot3_simulations/turtlebot3_fake_node' with build type 'ament_cmake'
[1.758s] INFO:colcon.colcon_cmake.task.cmake.build:Building CMake package in '/home/c_nguyen/turtlebot3_ws/src/turtlebot3_simulations/turtlebot3_fake_node'
[1.780s] INFO:colcon.colcon_core.plugin_system:Skipping extension 'colcon_core.shell.bat': Not used on non-Windows systems
[1.781s] INFO:colcon.colcon_core.shell:Skip shell extension 'powershell' for command environment: Not usable outside of PowerShell
[1.781s] DEBUG:colcon.colcon_core.shell:Skip shell extension 'dsv' for command environment
[1.825s] INFO:colcon.colcon_ros.task.ament_cmake.build:Building ROS package in '/home/c_nguyen/turtlebot3_ws/src/turtlebot3_simulations/turtlebot3_gazebo' with build type 'ament_cmake'
[1.825s] INFO:colcon.colcon_cmake.task.cmake.build:Building CMake package in '/home/c_nguyen/turtlebot3_ws/src/turtlebot3_simulations/turtlebot3_gazebo'
[1.846s] INFO:colcon.colcon_core.shell:Skip shell extension 'powershell' for command environment: Not usable outside of PowerShell
[1.847s] DEBUG:colcon.colcon_core.shell:Skip shell extension 'dsv' for command environment
[1.898s] DEBUG:colcon.colcon_core.event_handler.log_command:Invoking command in '/home/c_nguyen/turtlebot3_ws/build/turtlebot3_fake_node': CMAKE_PREFIX_PATH=/opt/ros/humble /usr/bin/cmake /home/c_nguyen/turtlebot3_ws/src/turtlebot3_simulations/turtlebot3_fake_node -DAMENT_CMAKE_SYMLINK_INSTALL=1 -DCMAKE_INSTALL_PREFIX=/home/c_nguyen/turtlebot3_ws/install/turtlebot3_fake_node
[1.903s] DEBUG:colcon.colcon_core.event_handler.log_command:Invoking command in '/home/c_nguyen/turtlebot3_ws/build/turtlebot3_gazebo': CMAKE_PREFIX_PATH=/opt/ros/humble /usr/bin/cmake /home/c_nguyen/turtlebot3_ws/src/turtlebot3_simulations/turtlebot3_gazebo -DAMENT_CMAKE_SYMLINK_INSTALL=1 -DCMAKE_INSTALL_PREFIX=/home/c_nguyen/turtlebot3_ws/install/turtlebot3_gazebo
[5.366s] DEBUG:colcon.colcon_core.event_handler.log_command:Invoked command in '/home/c_nguyen/turtlebot3_ws/build/turtlebot3_fake_node' returned '0': CMAKE_PREFIX_PATH=/opt/ros/humble /usr/bin/cmake /home/c_nguyen/turtlebot3_ws/src/turtlebot3_simulations/turtlebot3_fake_node -DAMENT_CMAKE_SYMLINK_INSTALL=1 -DCMAKE_INSTALL_PREFIX=/home/c_nguyen/turtlebot3_ws/install/turtlebot3_fake_node
[5.369s] DEBUG:colcon.colcon_core.event_handler.log_command:Invoking command in '/home/c_nguyen/turtlebot3_ws/build/turtlebot3_fake_node': CMAKE_PREFIX_PATH=/opt/ros/humble /usr/bin/cmake --build /home/c_nguyen/turtlebot3_ws/build/turtlebot3_fake_node -- -j16 -l16
[7.018s] DEBUG:colcon.colcon_core.event_handler.log_command:Invoked command in '/home/c_nguyen/turtlebot3_ws/build/turtlebot3_gazebo' returned '0': CMAKE_PREFIX_PATH=/opt/ros/humble /usr/bin/cmake /home/c_nguyen/turtlebot3_ws/src/turtlebot3_simulations/turtlebot3_gazebo -DAMENT_CMAKE_SYMLINK_INSTALL=1 -DCMAKE_INSTALL_PREFIX=/home/c_nguyen/turtlebot3_ws/install/turtlebot3_gazebo
[7.022s] DEBUG:colcon.colcon_core.event_handler.log_command:Invoking command in '/home/c_nguyen/turtlebot3_ws/build/turtlebot3_gazebo': CMAKE_PREFIX_PATH=/opt/ros/humble /usr/bin/cmake --build /home/c_nguyen/turtlebot3_ws/build/turtlebot3_gazebo -- -j16 -l16
[16.837s] DEBUG:colcon.colcon_core.event_handler.log_command:Invoked command in '/home/c_nguyen/turtlebot3_ws/build/turtlebot3_fake_node' returned '0': CMAKE_PREFIX_PATH=/opt/ros/humble /usr/bin/cmake --build /home/c_nguyen/turtlebot3_ws/build/turtlebot3_fake_node -- -j16 -l16
[16.893s] DEBUG:colcon.colcon_core.event_handler.log_command:Invoking command in '/home/c_nguyen/turtlebot3_ws/build/turtlebot3_fake_node': CMAKE_PREFIX_PATH=/opt/ros/humble /usr/bin/cmake --install /home/c_nguyen/turtlebot3_ws/build/turtlebot3_fake_node
[17.273s] Level 1:colcon.colcon_core.environment:create_environment_scripts_only(turtlebot3_fake_node)
[17.274s] DEBUG:colcon.colcon_core.event_handler.log_command:Invoked command in '/home/c_nguyen/turtlebot3_ws/build/turtlebot3_fake_node' returned '0': CMAKE_PREFIX_PATH=/opt/ros/humble /usr/bin/cmake --install /home/c_nguyen/turtlebot3_ws/build/turtlebot3_fake_node
[17.288s] Level 1:colcon.colcon_core.environment:checking '/home/c_nguyen/turtlebot3_ws/install/turtlebot3_fake_node' for CMake module files
[17.289s] Level 1:colcon.colcon_core.environment:checking '/home/c_nguyen/turtlebot3_ws/install/turtlebot3_fake_node' for CMake config files
[17.289s] Level 1:colcon.colcon_core.shell:create_environment_hook('turtlebot3_fake_node', 'cmake_prefix_path')
[17.301s] INFO:colcon.colcon_core.shell:Creating environment hook '/home/c_nguyen/turtlebot3_ws/install/turtlebot3_fake_node/share/turtlebot3_fake_node/hook/cmake_prefix_path.ps1'
[17.304s] INFO:colcon.colcon_core.shell:Creating environment descriptor '/home/c_nguyen/turtlebot3_ws/install/turtlebot3_fake_node/share/turtlebot3_fake_node/hook/cmake_prefix_path.dsv'
[17.305s] INFO:colcon.colcon_core.shell:Creating environment hook '/home/c_nguyen/turtlebot3_ws/install/turtlebot3_fake_node/share/turtlebot3_fake_node/hook/cmake_prefix_path.sh'
[17.307s] Level 1:colcon.colcon_core.environment:checking '/home/c_nguyen/turtlebot3_ws/install/turtlebot3_fake_node/lib'
[17.307s] Level 1:colcon.colcon_core.environment:checking '/home/c_nguyen/turtlebot3_ws/install/turtlebot3_fake_node/bin'
[17.307s] Level 1:colcon.colcon_core.environment:checking '/home/c_nguyen/turtlebot3_ws/install/turtlebot3_fake_node/lib/pkgconfig/turtlebot3_fake_node.pc'
[17.307s] Level 1:colcon.colcon_core.environment:checking '/home/c_nguyen/turtlebot3_ws/install/turtlebot3_fake_node/lib/python3.10/site-packages'
[17.307s] Level 1:colcon.colcon_core.environment:checking '/home/c_nguyen/turtlebot3_ws/install/turtlebot3_fake_node/bin'
[17.320s] INFO:colcon.colcon_core.shell:Creating package script '/home/c_nguyen/turtlebot3_ws/install/turtlebot3_fake_node/share/turtlebot3_fake_node/package.ps1'
[17.321s] INFO:colcon.colcon_core.shell:Creating package descriptor '/home/c_nguyen/turtlebot3_ws/install/turtlebot3_fake_node/share/turtlebot3_fake_node/package.dsv'
[17.321s] INFO:colcon.colcon_core.shell:Creating package script '/home/c_nguyen/turtlebot3_ws/install/turtlebot3_fake_node/share/turtlebot3_fake_node/package.sh'
[17.322s] INFO:colcon.colcon_core.shell:Creating package script '/home/c_nguyen/turtlebot3_ws/install/turtlebot3_fake_node/share/turtlebot3_fake_node/package.bash'
[17.323s] INFO:colcon.colcon_core.shell:Creating package script '/home/c_nguyen/turtlebot3_ws/install/turtlebot3_fake_node/share/turtlebot3_fake_node/package.zsh'
[17.323s] Level 1:colcon.colcon_core.environment:create_file_with_runtime_dependencies(/home/c_nguyen/turtlebot3_ws/install/turtlebot3_fake_node/share/colcon-core/packages/turtlebot3_fake_node)
[17.389s] Level 1:colcon.colcon_core.environment:create_environment_scripts_only(turtlebot3_fake_node)
[17.401s] Level 1:colcon.colcon_core.environment:checking '/home/c_nguyen/turtlebot3_ws/install/turtlebot3_fake_node' for CMake module files
[17.402s] Level 1:colcon.colcon_core.environment:checking '/home/c_nguyen/turtlebot3_ws/install/turtlebot3_fake_node' for CMake config files
[17.402s] Level 1:colcon.colcon_core.shell:create_environment_hook('turtlebot3_fake_node', 'cmake_prefix_path')
[17.414s] INFO:colcon.colcon_core.shell:Creating environment hook '/home/c_nguyen/turtlebot3_ws/install/turtlebot3_fake_node/share/turtlebot3_fake_node/hook/cmake_prefix_path.ps1'
[17.415s] INFO:colcon.colcon_core.shell:Creating environment descriptor '/home/c_nguyen/turtlebot3_ws/install/turtlebot3_fake_node/share/turtlebot3_fake_node/hook/cmake_prefix_path.dsv'
[17.415s] INFO:colcon.colcon_core.shell:Creating environment hook '/home/c_nguyen/turtlebot3_ws/install/turtlebot3_fake_node/share/turtlebot3_fake_node/hook/cmake_prefix_path.sh'
[17.416s] Level 1:colcon.colcon_core.environment:checking '/home/c_nguyen/turtlebot3_ws/install/turtlebot3_fake_node/lib'
[17.416s] Level 1:colcon.colcon_core.environment:checking '/home/c_nguyen/turtlebot3_ws/install/turtlebot3_fake_node/bin'
[17.416s] Level 1:colcon.colcon_core.environment:checking '/home/c_nguyen/turtlebot3_ws/install/turtlebot3_fake_node/lib/pkgconfig/turtlebot3_fake_node.pc'
[17.416s] Level 1:colcon.colcon_core.environment:checking '/home/c_nguyen/turtlebot3_ws/install/turtlebot3_fake_node/lib/python3.10/site-packages'
[17.416s] Level 1:colcon.colcon_core.environment:checking '/home/c_nguyen/turtlebot3_ws/install/turtlebot3_fake_node/bin'
[17.428s] INFO:colcon.colcon_core.shell:Creating package script '/home/c_nguyen/turtlebot3_ws/install/turtlebot3_fake_node/share/turtlebot3_fake_node/package.ps1'
[17.429s] INFO:colcon.colcon_core.shell:Creating package descriptor '/home/c_nguyen/turtlebot3_ws/install/turtlebot3_fake_node/share/turtlebot3_fake_node/package.dsv'
[17.430s] INFO:colcon.colcon_core.shell:Creating package script '/home/c_nguyen/turtlebot3_ws/install/turtlebot3_fake_node/share/turtlebot3_fake_node/package.sh'
[17.430s] INFO:colcon.colcon_core.shell:Creating package script '/home/c_nguyen/turtlebot3_ws/install/turtlebot3_fake_node/share/turtlebot3_fake_node/package.bash'
[17.431s] INFO:colcon.colcon_core.shell:Creating package script '/home/c_nguyen/turtlebot3_ws/install/turtlebot3_fake_node/share/turtlebot3_fake_node/package.zsh'
[17.431s] Level 1:colcon.colcon_core.environment:create_file_with_runtime_dependencies(/home/c_nguyen/turtlebot3_ws/install/turtlebot3_fake_node/share/colcon-core/packages/turtlebot3_fake_node)
[19.658s] DEBUG:colcon.colcon_core.event_handler.log_command:Invoked command in '/home/c_nguyen/turtlebot3_ws/build/turtlebot3_gazebo' returned '0': CMAKE_PREFIX_PATH=/opt/ros/humble /usr/bin/cmake --build /home/c_nguyen/turtlebot3_ws/build/turtlebot3_gazebo -- -j16 -l16
[19.753s] DEBUG:colcon.colcon_core.event_handler.log_command:Invoking command in '/home/c_nguyen/turtlebot3_ws/build/turtlebot3_gazebo': CMAKE_PREFIX_PATH=/opt/ros/humble /usr/bin/cmake --install /home/c_nguyen/turtlebot3_ws/build/turtlebot3_gazebo
[21.534s] Level 1:colcon.colcon_core.environment:create_environment_scripts_only(turtlebot3_gazebo)
[21.536s] DEBUG:colcon.colcon_core.event_handler.log_command:Invoked command in '/home/c_nguyen/turtlebot3_ws/build/turtlebot3_gazebo' returned '0': CMAKE_PREFIX_PATH=/opt/ros/humble /usr/bin/cmake --install /home/c_nguyen/turtlebot3_ws/build/turtlebot3_gazebo
[21.569s] Level 1:colcon.colcon_core.environment:checking '/home/c_nguyen/turtlebot3_ws/install/turtlebot3_gazebo' for CMake module files
[21.570s] Level 1:colcon.colcon_core.environment:checking '/home/c_nguyen/turtlebot3_ws/install/turtlebot3_gazebo' for CMake config files
[21.572s] Level 1:colcon.colcon_core.shell:create_environment_hook('turtlebot3_gazebo', 'cmake_prefix_path')
[21.605s] INFO:colcon.colcon_core.shell:Creating environment hook '/home/c_nguyen/turtlebot3_ws/install/turtlebot3_gazebo/share/turtlebot3_gazebo/hook/cmake_prefix_path.ps1'
[21.606s] INFO:colcon.colcon_core.shell:Creating environment descriptor '/home/c_nguyen/turtlebot3_ws/install/turtlebot3_gazebo/share/turtlebot3_gazebo/hook/cmake_prefix_path.dsv'
[21.607s] INFO:colcon.colcon_core.shell:Creating environment hook '/home/c_nguyen/turtlebot3_ws/install/turtlebot3_gazebo/share/turtlebot3_gazebo/hook/cmake_prefix_path.sh'
[21.608s] Level 1:colcon.colcon_core.environment:checking '/home/c_nguyen/turtlebot3_ws/install/turtlebot3_gazebo/lib'
[21.608s] Level 1:colcon.colcon_core.environment:checking '/home/c_nguyen/turtlebot3_ws/install/turtlebot3_gazebo/bin'
[21.608s] Level 1:colcon.colcon_core.environment:checking '/home/c_nguyen/turtlebot3_ws/install/turtlebot3_gazebo/lib/pkgconfig/turtlebot3_gazebo.pc'
[21.609s] Level 1:colcon.colcon_core.environment:checking '/home/c_nguyen/turtlebot3_ws/install/turtlebot3_gazebo/lib/python3.10/site-packages'
[21.609s] Level 1:colcon.colcon_core.environment:checking '/home/c_nguyen/turtlebot3_ws/install/turtlebot3_gazebo/bin'
[21.627s] INFO:colcon.colcon_core.shell:Creating package script '/home/c_nguyen/turtlebot3_ws/install/turtlebot3_gazebo/share/turtlebot3_gazebo/package.ps1'
[21.627s] INFO:colcon.colcon_core.shell:Creating package descriptor '/home/c_nguyen/turtlebot3_ws/install/turtlebot3_gazebo/share/turtlebot3_gazebo/package.dsv'
[21.627s] INFO:colcon.colcon_core.shell:Creating package script '/home/c_nguyen/turtlebot3_ws/install/turtlebot3_gazebo/share/turtlebot3_gazebo/package.sh'
[21.627s] INFO:colcon.colcon_core.shell:Creating package script '/home/c_nguyen/turtlebot3_ws/install/turtlebot3_gazebo/share/turtlebot3_gazebo/package.bash'
[21.628s] INFO:colcon.colcon_core.shell:Creating package script '/home/c_nguyen/turtlebot3_ws/install/turtlebot3_gazebo/share/turtlebot3_gazebo/package.zsh'
[21.628s] Level 1:colcon.colcon_core.environment:create_file_with_runtime_dependencies(/home/c_nguyen/turtlebot3_ws/install/turtlebot3_gazebo/share/colcon-core/packages/turtlebot3_gazebo)
[21.752s] Level 1:colcon.colcon_core.environment:create_environment_scripts_only(turtlebot3_gazebo)
[21.784s] Level 1:colcon.colcon_core.environment:checking '/home/c_nguyen/turtlebot3_ws/install/turtlebot3_gazebo' for CMake module files
[21.786s] Level 1:colcon.colcon_core.environment:checking '/home/c_nguyen/turtlebot3_ws/install/turtlebot3_gazebo' for CMake config files
[21.787s] Level 1:colcon.colcon_core.shell:create_environment_hook('turtlebot3_gazebo', 'cmake_prefix_path')
[21.803s] INFO:colcon.colcon_core.shell:Creating environment hook '/home/c_nguyen/turtlebot3_ws/install/turtlebot3_gazebo/share/turtlebot3_gazebo/hook/cmake_prefix_path.ps1'
[21.803s] INFO:colcon.colcon_core.shell:Creating environment descriptor '/home/c_nguyen/turtlebot3_ws/install/turtlebot3_gazebo/share/turtlebot3_gazebo/hook/cmake_prefix_path.dsv'
[21.803s] INFO:colcon.colcon_core.shell:Creating environment hook '/home/c_nguyen/turtlebot3_ws/install/turtlebot3_gazebo/share/turtlebot3_gazebo/hook/cmake_prefix_path.sh'
[21.803s] Level 1:colcon.colcon_core.environment:checking '/home/c_nguyen/turtlebot3_ws/install/turtlebot3_gazebo/lib'
[21.804s] Level 1:colcon.colcon_core.environment:checking '/home/c_nguyen/turtlebot3_ws/install/turtlebot3_gazebo/bin'
[21.804s] Level 1:colcon.colcon_core.environment:checking '/home/c_nguyen/turtlebot3_ws/install/turtlebot3_gazebo/lib/pkgconfig/turtlebot3_gazebo.pc'
[21.804s] Level 1:colcon.colcon_core.environment:checking '/home/c_nguyen/turtlebot3_ws/install/turtlebot3_gazebo/lib/python3.10/site-packages'
[21.804s] Level 1:colcon.colcon_core.environment:checking '/home/c_nguyen/turtlebot3_ws/install/turtlebot3_gazebo/bin'
[21.815s] INFO:colcon.colcon_core.shell:Creating package script '/home/c_nguyen/turtlebot3_ws/install/turtlebot3_gazebo/share/turtlebot3_gazebo/package.ps1'
[21.816s] INFO:colcon.colcon_core.shell:Creating package descriptor '/home/c_nguyen/turtlebot3_ws/install/turtlebot3_gazebo/share/turtlebot3_gazebo/package.dsv'
[21.816s] INFO:colcon.colcon_core.shell:Creating package script '/home/c_nguyen/turtlebot3_ws/install/turtlebot3_gazebo/share/turtlebot3_gazebo/package.sh'
[21.816s] INFO:colcon.colcon_core.shell:Creating package script '/home/c_nguyen/turtlebot3_ws/install/turtlebot3_gazebo/share/turtlebot3_gazebo/package.bash'
[21.816s] INFO:colcon.colcon_core.shell:Creating package script '/home/c_nguyen/turtlebot3_ws/install/turtlebot3_gazebo/share/turtlebot3_gazebo/package.zsh'
[21.817s] Level 1:colcon.colcon_core.environment:create_file_with_runtime_dependencies(/home/c_nguyen/turtlebot3_ws/install/turtlebot3_gazebo/share/colcon-core/packages/turtlebot3_gazebo)
[21.817s] INFO:colcon.colcon_ros.task.ament_cmake.build:Building ROS package in '/home/c_nguyen/turtlebot3_ws/src/turtlebot3_simulations/turtlebot3_simulations' with build type 'ament_cmake'
[21.817s] INFO:colcon.colcon_cmake.task.cmake.build:Building CMake package in '/home/c_nguyen/turtlebot3_ws/src/turtlebot3_simulations/turtlebot3_simulations'
[21.830s] INFO:colcon.colcon_core.shell:Skip shell extension 'powershell' for command environment: Not usable outside of PowerShell
[21.830s] DEBUG:colcon.colcon_core.shell:Skip shell extension 'dsv' for command environment
[21.864s] DEBUG:colcon.colcon_core.event_handler.log_command:Invoking command in '/home/c_nguyen/turtlebot3_ws/build/turtlebot3_simulations': AMENT_PREFIX_PATH=/home/c_nguyen/turtlebot3_ws/install/turtlebot3_gazebo:/home/c_nguyen/turtlebot3_ws/install/turtlebot3_fake_node:${AMENT_PREFIX_PATH} CMAKE_PREFIX_PATH=/home/c_nguyen/turtlebot3_ws/install/turtlebot3_gazebo:/home/c_nguyen/turtlebot3_ws/install/turtlebot3_fake_node:/opt/ros/humble /usr/bin/cmake /home/c_nguyen/turtlebot3_ws/src/turtlebot3_simulations/turtlebot3_simulations -DAMENT_CMAKE_SYMLINK_INSTALL=1 -DCMAKE_INSTALL_PREFIX=/home/c_nguyen/turtlebot3_ws/install/turtlebot3_simulations
[23.145s] DEBUG:colcon.colcon_core.event_handler.log_command:Invoked command in '/home/c_nguyen/turtlebot3_ws/build/turtlebot3_simulations' returned '0': AMENT_PREFIX_PATH=/home/c_nguyen/turtlebot3_ws/install/turtlebot3_gazebo:/home/c_nguyen/turtlebot3_ws/install/turtlebot3_fake_node:${AMENT_PREFIX_PATH} CMAKE_PREFIX_PATH=/home/c_nguyen/turtlebot3_ws/install/turtlebot3_gazebo:/home/c_nguyen/turtlebot3_ws/install/turtlebot3_fake_node:/opt/ros/humble /usr/bin/cmake /home/c_nguyen/turtlebot3_ws/src/turtlebot3_simulations/turtlebot3_simulations -DAMENT_CMAKE_SYMLINK_INSTALL=1 -DCMAKE_INSTALL_PREFIX=/home/c_nguyen/turtlebot3_ws/install/turtlebot3_simulations
[23.148s] DEBUG:colcon.colcon_core.event_handler.log_command:Invoking command in '/home/c_nguyen/turtlebot3_ws/build/turtlebot3_simulations': AMENT_PREFIX_PATH=/home/c_nguyen/turtlebot3_ws/install/turtlebot3_gazebo:/home/c_nguyen/turtlebot3_ws/install/turtlebot3_fake_node:${AMENT_PREFIX_PATH} CMAKE_PREFIX_PATH=/home/c_nguyen/turtlebot3_ws/install/turtlebot3_gazebo:/home/c_nguyen/turtlebot3_ws/install/turtlebot3_fake_node:/opt/ros/humble /usr/bin/cmake --build /home/c_nguyen/turtlebot3_ws/build/turtlebot3_simulations -- -j16 -l16
[23.232s] DEBUG:colcon.colcon_core.event_handler.log_command:Invoked command in '/home/c_nguyen/turtlebot3_ws/build/turtlebot3_simulations' returned '0': AMENT_PREFIX_PATH=/home/c_nguyen/turtlebot3_ws/install/turtlebot3_gazebo:/home/c_nguyen/turtlebot3_ws/install/turtlebot3_fake_node:${AMENT_PREFIX_PATH} CMAKE_PREFIX_PATH=/home/c_nguyen/turtlebot3_ws/install/turtlebot3_gazebo:/home/c_nguyen/turtlebot3_ws/install/turtlebot3_fake_node:/opt/ros/humble /usr/bin/cmake --build /home/c_nguyen/turtlebot3_ws/build/turtlebot3_simulations -- -j16 -l16
[23.293s] DEBUG:colcon.colcon_core.event_handler.log_command:Invoking command in '/home/c_nguyen/turtlebot3_ws/build/turtlebot3_simulations': AMENT_PREFIX_PATH=/home/c_nguyen/turtlebot3_ws/install/turtlebot3_gazebo:/home/c_nguyen/turtlebot3_ws/install/turtlebot3_fake_node:${AMENT_PREFIX_PATH} CMAKE_PREFIX_PATH=/home/c_nguyen/turtlebot3_ws/install/turtlebot3_gazebo:/home/c_nguyen/turtlebot3_ws/install/turtlebot3_fake_node:/opt/ros/humble /usr/bin/cmake --install /home/c_nguyen/turtlebot3_ws/build/turtlebot3_simulations
[23.512s] Level 1:colcon.colcon_core.environment:create_environment_scripts_only(turtlebot3_simulations)
[23.513s] DEBUG:colcon.colcon_core.event_handler.log_command:Invoked command in '/home/c_nguyen/turtlebot3_ws/build/turtlebot3_simulations' returned '0': AMENT_PREFIX_PATH=/home/c_nguyen/turtlebot3_ws/install/turtlebot3_gazebo:/home/c_nguyen/turtlebot3_ws/install/turtlebot3_fake_node:${AMENT_PREFIX_PATH} CMAKE_PREFIX_PATH=/home/c_nguyen/turtlebot3_ws/install/turtlebot3_gazebo:/home/c_nguyen/turtlebot3_ws/install/turtlebot3_fake_node:/opt/ros/humble /usr/bin/cmake --install /home/c_nguyen/turtlebot3_ws/build/turtlebot3_simulations
[23.564s] Level 1:colcon.colcon_core.environment:checking '/home/c_nguyen/turtlebot3_ws/install/turtlebot3_simulations' for CMake module files
[23.565s] Level 1:colcon.colcon_core.environment:checking '/home/c_nguyen/turtlebot3_ws/install/turtlebot3_simulations' for CMake config files
[23.566s] Level 1:colcon.colcon_core.shell:create_environment_hook('turtlebot3_simulations', 'cmake_prefix_path')
[23.583s] INFO:colcon.colcon_core.shell:Creating environment hook '/home/c_nguyen/turtlebot3_ws/install/turtlebot3_simulations/share/turtlebot3_simulations/hook/cmake_prefix_path.ps1'
[23.584s] INFO:colcon.colcon_core.shell:Creating environment descriptor '/home/c_nguyen/turtlebot3_ws/install/turtlebot3_simulations/share/turtlebot3_simulations/hook/cmake_prefix_path.dsv'
[23.584s] INFO:colcon.colcon_core.shell:Creating environment hook '/home/c_nguyen/turtlebot3_ws/install/turtlebot3_simulations/share/turtlebot3_simulations/hook/cmake_prefix_path.sh'
[23.584s] Level 1:colcon.colcon_core.environment:checking '/home/c_nguyen/turtlebot3_ws/install/turtlebot3_simulations/bin'
[23.584s] Level 1:colcon.colcon_core.environment:checking '/home/c_nguyen/turtlebot3_ws/install/turtlebot3_simulations/lib/pkgconfig/turtlebot3_simulations.pc'
[23.584s] Level 1:colcon.colcon_core.environment:checking '/home/c_nguyen/turtlebot3_ws/install/turtlebot3_simulations/lib/python3.10/site-packages'
[23.584s] Level 1:colcon.colcon_core.environment:checking '/home/c_nguyen/turtlebot3_ws/install/turtlebot3_simulations/bin'
[23.596s] INFO:colcon.colcon_core.shell:Creating package script '/home/c_nguyen/turtlebot3_ws/install/turtlebot3_simulations/share/turtlebot3_simulations/package.ps1'
[23.596s] INFO:colcon.colcon_core.shell:Creating package descriptor '/home/c_nguyen/turtlebot3_ws/install/turtlebot3_simulations/share/turtlebot3_simulations/package.dsv'
[23.597s] INFO:colcon.colcon_core.shell:Creating package script '/home/c_nguyen/turtlebot3_ws/install/turtlebot3_simulations/share/turtlebot3_simulations/package.sh'
[23.597s] INFO:colcon.colcon_core.shell:Creating package script '/home/c_nguyen/turtlebot3_ws/install/turtlebot3_simulations/share/turtlebot3_simulations/package.bash'
[23.597s] INFO:colcon.colcon_core.shell:Creating package script '/home/c_nguyen/turtlebot3_ws/install/turtlebot3_simulations/share/turtlebot3_simulations/package.zsh'
[23.597s] Level 1:colcon.colcon_core.environment:create_file_with_runtime_dependencies(/home/c_nguyen/turtlebot3_ws/install/turtlebot3_simulations/share/colcon-core/packages/turtlebot3_simulations)
[23.649s] Level 1:colcon.colcon_core.environment:create_environment_scripts_only(turtlebot3_simulations)
[23.660s] Level 1:colcon.colcon_core.environment:checking '/home/c_nguyen/turtlebot3_ws/install/turtlebot3_simulations' for CMake module files
[23.661s] Level 1:colcon.colcon_core.environment:checking '/home/c_nguyen/turtlebot3_ws/install/turtlebot3_simulations' for CMake config files
[23.661s] Level 1:colcon.colcon_core.shell:create_environment_hook('turtlebot3_simulations', 'cmake_prefix_path')
[23.672s] INFO:colcon.colcon_core.shell:Creating environment hook '/home/c_nguyen/turtlebot3_ws/install/turtlebot3_simulations/share/turtlebot3_simulations/hook/cmake_prefix_path.ps1'
[23.673s] INFO:colcon.colcon_core.shell:Creating environment descriptor '/home/c_nguyen/turtlebot3_ws/install/turtlebot3_simulations/share/turtlebot3_simulations/hook/cmake_prefix_path.dsv'
[23.673s] INFO:colcon.colcon_core.shell:Creating environment hook '/home/c_nguyen/turtlebot3_ws/install/turtlebot3_simulations/share/turtlebot3_simulations/hook/cmake_prefix_path.sh'
[23.673s] Level 1:colcon.colcon_core.environment:checking '/home/c_nguyen/turtlebot3_ws/install/turtlebot3_simulations/bin'
[23.673s] Level 1:colcon.colcon_core.environment:checking '/home/c_nguyen/turtlebot3_ws/install/turtlebot3_simulations/lib/pkgconfig/turtlebot3_simulations.pc'
[23.673s] Level 1:colcon.colcon_core.environment:checking '/home/c_nguyen/turtlebot3_ws/install/turtlebot3_simulations/lib/python3.10/site-packages'
[23.673s] Level 1:colcon.colcon_core.environment:checking '/home/c_nguyen/turtlebot3_ws/install/turtlebot3_simulations/bin'
[23.685s] INFO:colcon.colcon_core.shell:Creating package script '/home/c_nguyen/turtlebot3_ws/install/turtlebot3_simulations/share/turtlebot3_simulations/package.ps1'
[23.686s] INFO:colcon.colcon_core.shell:Creating package descriptor '/home/c_nguyen/turtlebot3_ws/install/turtlebot3_simulations/share/turtlebot3_simulations/package.dsv'
[23.686s] INFO:colcon.colcon_core.shell:Creating package script '/home/c_nguyen/turtlebot3_ws/install/turtlebot3_simulations/share/turtlebot3_simulations/package.sh'
[23.686s] INFO:colcon.colcon_core.shell:Creating package script '/home/c_nguyen/turtlebot3_ws/install/turtlebot3_simulations/share/turtlebot3_simulations/package.bash'
[23.686s] INFO:colcon.colcon_core.shell:Creating package script '/home/c_nguyen/turtlebot3_ws/install/turtlebot3_simulations/share/turtlebot3_simulations/package.zsh'
[23.687s] Level 1:colcon.colcon_core.environment:create_file_with_runtime_dependencies(/home/c_nguyen/turtlebot3_ws/install/turtlebot3_simulations/share/colcon-core/packages/turtlebot3_simulations)
[23.687s] DEBUG:colcon.colcon_parallel_executor.executor.parallel:closing loop
[23.687s] DEBUG:colcon.colcon_parallel_executor.executor.parallel:loop closed
[23.687s] DEBUG:colcon.colcon_parallel_executor.executor.parallel:run_until_complete finished with '0'
[23.687s] DEBUG:colcon.colcon_core.event_reactor:joining thread
[23.732s] INFO:colcon.colcon_core.plugin_system:Skipping extension 'colcon_notification.desktop_notification.terminal_notifier': Not used on non-Darwin systems
[23.733s] INFO:colcon.colcon_core.plugin_system:Skipping extension 'colcon_notification.desktop_notification.win32': Not used on non-Windows systems
[23.733s] INFO:colcon.colcon_notification.desktop_notification:Sending desktop notification using 'notify2'
[23.757s] DEBUG:colcon.colcon_core.event_reactor:joined thread
[23.773s] INFO:colcon.colcon_core.shell:Creating prefix script '/home/c_nguyen/turtlebot3_ws/install/local_setup.ps1'
[23.774s] INFO:colcon.colcon_core.shell:Creating prefix util module '/home/c_nguyen/turtlebot3_ws/install/_local_setup_util_ps1.py'
[23.774s] INFO:colcon.colcon_core.shell:Creating prefix chain script '/home/c_nguyen/turtlebot3_ws/install/setup.ps1'
[23.786s] INFO:colcon.colcon_core.shell:Creating prefix script '/home/c_nguyen/turtlebot3_ws/install/local_setup.sh'
[23.787s] INFO:colcon.colcon_core.shell:Creating prefix util module '/home/c_nguyen/turtlebot3_ws/install/_local_setup_util_sh.py'
[23.787s] INFO:colcon.colcon_core.shell:Creating prefix chain script '/home/c_nguyen/turtlebot3_ws/install/setup.sh'
[23.799s] INFO:colcon.colcon_core.shell:Creating prefix script '/home/c_nguyen/turtlebot3_ws/install/local_setup.bash'
[23.799s] INFO:colcon.colcon_core.shell:Creating prefix chain script '/home/c_nguyen/turtlebot3_ws/install/setup.bash'
[23.811s] INFO:colcon.colcon_core.shell:Creating prefix script '/home/c_nguyen/turtlebot3_ws/install/local_setup.zsh'
[23.811s] INFO:colcon.colcon_core.shell:Creating prefix chain script '/home/c_nguyen/turtlebot3_ws/install/setup.zsh'
