[0.138s] Invoking command in '/home/c_nguyen/turtlebot3_ws/build/turtlebot3_fake_node': CMAKE_PREFIX_PATH=/opt/ros/humble /usr/bin/cmake /home/c_nguyen/turtlebot3_ws/src/turtlebot3_simulations/turtlebot3_fake_node -DAMENT_CMAKE_SYMLINK_INSTALL=1 -DCMAKE_INSTALL_PREFIX=/home/c_nguyen/turtlebot3_ws/install/turtlebot3_fake_node
[0.264s] -- The C compiler identification is GNU 11.4.0
[0.369s] -- The CXX compiler identification is GNU 11.4.0
[0.383s] -- Detecting C compiler ABI info
[0.523s] -- Detecting C compiler ABI info - done
[0.543s] -- Check for working C compiler: /usr/bin/cc - skipped
[0.544s] -- Detecting C compile features
[0.544s] -- Detecting C compile features - done
[0.552s] -- Detecting CXX compiler ABI info
[0.715s] -- Detecting CXX compiler ABI info - done
[0.732s] -- Check for working CXX compiler: /usr/bin/c++ - skipped
[0.732s] -- Detecting CXX compile features
[0.733s] -- Detecting CXX compile features - done
[0.737s] -- Found ament_cmake: 1.3.5 (/opt/ros/humble/share/ament_cmake/cmake)
[1.262s] -- Found Python3: /usr/bin/python3.10 (found version "3.10.12") found components: Interpreter 
[1.346s] -- Override CMake install command with custom implementation using symlinks instead of copying resources
[1.420s] -- Found geometry_msgs: 4.2.3 (/opt/ros/humble/share/geometry_msgs/cmake)
[1.493s] -- Found rosidl_generator_c: 3.1.5 (/opt/ros/humble/share/rosidl_generator_c/cmake)
[1.502s] -- Found rosidl_adapter: 3.1.5 (/opt/ros/humble/share/rosidl_adapter/cmake)
[1.518s] -- Found rosidl_generator_cpp: 3.1.5 (/opt/ros/humble/share/rosidl_generator_cpp/cmake)
[1.543s] -- Using all available rosidl_typesupport_c: rosidl_typesupport_fastrtps_c;rosidl_typesupport_introspection_c
[1.579s] -- Using all available rosidl_typesupport_cpp: rosidl_typesupport_fastrtps_cpp;rosidl_typesupport_introspection_cpp
[1.760s] -- Found nav_msgs: 4.2.3 (/opt/ros/humble/share/nav_msgs/cmake)
[1.886s] -- Found rclcpp: 16.0.6 (/opt/ros/humble/share/rclcpp/cmake)
[1.991s] -- Found rmw_implementation_cmake: 6.1.1 (/opt/ros/humble/share/rmw_implementation_cmake/cmake)
[1.996s] -- Found rmw_fastrtps_cpp: 6.2.4 (/opt/ros/humble/share/rmw_fastrtps_cpp/cmake)
[2.238s] -- Found OpenSSL: /usr/lib/x86_64-linux-gnu/libcrypto.so (found version "3.0.2")  
[2.290s] -- Found FastRTPS: /opt/ros/humble/include  
[2.378s] -- Using RMW implementation 'rmw_fastrtps_cpp' as default
[2.397s] -- Looking for pthread.h
[2.539s] -- Looking for pthread.h - found
[2.539s] -- Performing Test CMAKE_HAVE_LIBC_PTHREAD
[2.696s] -- Performing Test CMAKE_HAVE_LIBC_PTHREAD - Success
[2.698s] -- Found Threads: TRUE  
[2.911s] -- Found sensor_msgs: 4.2.3 (/opt/ros/humble/share/sensor_msgs/cmake)
[3.038s] -- Found tf2: 0.25.4 (/opt/ros/humble/share/tf2/cmake)
[3.067s] -- Found tf2_msgs: 0.25.4 (/opt/ros/humble/share/tf2_msgs/cmake)
[3.293s] -- Found turtlebot3_msgs: 2.2.3 (/opt/ros/humble/share/turtlebot3_msgs/cmake)
[3.539s] -- Configuring done
[3.580s] -- Generating done
[3.584s] -- Build files have been written to: /home/c_nguyen/turtlebot3_ws/build/turtlebot3_fake_node
[3.606s] Invoked command in '/home/c_nguyen/turtlebot3_ws/build/turtlebot3_fake_node' returned '0': CMAKE_PREFIX_PATH=/opt/ros/humble /usr/bin/cmake /home/c_nguyen/turtlebot3_ws/src/turtlebot3_simulations/turtlebot3_fake_node -DAMENT_CMAKE_SYMLINK_INSTALL=1 -DCMAKE_INSTALL_PREFIX=/home/c_nguyen/turtlebot3_ws/install/turtlebot3_fake_node
[3.609s] Invoking command in '/home/c_nguyen/turtlebot3_ws/build/turtlebot3_fake_node': CMAKE_PREFIX_PATH=/opt/ros/humble /usr/bin/cmake --build /home/c_nguyen/turtlebot3_ws/build/turtlebot3_fake_node -- -j16 -l16
[3.693s] [ 50%] [32mBuilding CXX object CMakeFiles/turtlebot3_fake_node.dir/src/turtlebot3_fake_node.cpp.o[0m
[14.353s] [100%] [32m[1mLinking CXX executable turtlebot3_fake_node[0m
[15.061s] [100%] Built target turtlebot3_fake_node
[15.077s] Invoked command in '/home/c_nguyen/turtlebot3_ws/build/turtlebot3_fake_node' returned '0': CMAKE_PREFIX_PATH=/opt/ros/humble /usr/bin/cmake --build /home/c_nguyen/turtlebot3_ws/build/turtlebot3_fake_node -- -j16 -l16
[15.133s] Invoking command in '/home/c_nguyen/turtlebot3_ws/build/turtlebot3_fake_node': CMAKE_PREFIX_PATH=/opt/ros/humble /usr/bin/cmake --install /home/c_nguyen/turtlebot3_ws/build/turtlebot3_fake_node
[15.147s] -- Install configuration: ""
[15.148s] -- Execute custom install script
[15.148s] -- Symlinking: /home/c_nguyen/turtlebot3_ws/install/turtlebot3_fake_node/lib/turtlebot3_fake_node/turtlebot3_fake_node
[15.161s] -- Symlinking: /home/c_nguyen/turtlebot3_ws/install/turtlebot3_fake_node/share/turtlebot3_fake_node/launch/rviz2.launch.py
[15.180s] -- Symlinking: /home/c_nguyen/turtlebot3_ws/install/turtlebot3_fake_node/share/turtlebot3_fake_node/launch/turtlebot3_fake_node.launch.py
[15.192s] -- Symlinking: /home/c_nguyen/turtlebot3_ws/install/turtlebot3_fake_node/share/turtlebot3_fake_node/param/burger.yaml
[15.211s] -- Symlinking: /home/c_nguyen/turtlebot3_ws/install/turtlebot3_fake_node/share/turtlebot3_fake_node/param/waffle.yaml
[15.229s] -- Symlinking: /home/c_nguyen/turtlebot3_ws/install/turtlebot3_fake_node/share/turtlebot3_fake_node/param/waffle_pi.yaml
[15.248s] -- Symlinking: /home/c_nguyen/turtlebot3_ws/install/turtlebot3_fake_node/include//turtlebot3_fake_node/turtlebot3_fake_node.hpp
[15.267s] -- Symlinking: /home/c_nguyen/turtlebot3_ws/install/turtlebot3_fake_node/share/ament_index/resource_index/package_run_dependencies/turtlebot3_fake_node
[15.286s] -- Symlinking: /home/c_nguyen/turtlebot3_ws/install/turtlebot3_fake_node/share/ament_index/resource_index/parent_prefix_path/turtlebot3_fake_node
[15.305s] -- Symlinking: /home/c_nguyen/turtlebot3_ws/install/turtlebot3_fake_node/share/turtlebot3_fake_node/environment/ament_prefix_path.sh
[15.323s] -- Symlinking: /home/c_nguyen/turtlebot3_ws/install/turtlebot3_fake_node/share/turtlebot3_fake_node/environment/ament_prefix_path.dsv
[15.342s] -- Symlinking: /home/c_nguyen/turtlebot3_ws/install/turtlebot3_fake_node/share/turtlebot3_fake_node/environment/path.sh
[15.361s] -- Symlinking: /home/c_nguyen/turtlebot3_ws/install/turtlebot3_fake_node/share/turtlebot3_fake_node/environment/path.dsv
[15.380s] -- Symlinking: /home/c_nguyen/turtlebot3_ws/install/turtlebot3_fake_node/share/turtlebot3_fake_node/local_setup.bash
[15.392s] -- Symlinking: /home/c_nguyen/turtlebot3_ws/install/turtlebot3_fake_node/share/turtlebot3_fake_node/local_setup.sh
[15.403s] -- Symlinking: /home/c_nguyen/turtlebot3_ws/install/turtlebot3_fake_node/share/turtlebot3_fake_node/local_setup.zsh
[15.415s] -- Symlinking: /home/c_nguyen/turtlebot3_ws/install/turtlebot3_fake_node/share/turtlebot3_fake_node/local_setup.dsv
[15.425s] -- Symlinking: /home/c_nguyen/turtlebot3_ws/install/turtlebot3_fake_node/share/turtlebot3_fake_node/package.dsv
[15.436s] -- Symlinking: /home/c_nguyen/turtlebot3_ws/install/turtlebot3_fake_node/share/ament_index/resource_index/packages/turtlebot3_fake_node
[15.448s] -- Symlinking: /home/c_nguyen/turtlebot3_ws/install/turtlebot3_fake_node/share/turtlebot3_fake_node/cmake/ament_cmake_export_include_directories-extras.cmake
[15.459s] -- Symlinking: /home/c_nguyen/turtlebot3_ws/install/turtlebot3_fake_node/share/turtlebot3_fake_node/cmake/ament_cmake_export_dependencies-extras.cmake
[15.470s] -- Symlinking: /home/c_nguyen/turtlebot3_ws/install/turtlebot3_fake_node/share/turtlebot3_fake_node/cmake/turtlebot3_fake_nodeConfig.cmake
[15.481s] -- Symlinking: /home/c_nguyen/turtlebot3_ws/install/turtlebot3_fake_node/share/turtlebot3_fake_node/cmake/turtlebot3_fake_nodeConfig-version.cmake
[15.491s] -- Symlinking: /home/c_nguyen/turtlebot3_ws/install/turtlebot3_fake_node/share/turtlebot3_fake_node/package.xml
[15.514s] Invoked command in '/home/c_nguyen/turtlebot3_ws/build/turtlebot3_fake_node' returned '0': CMAKE_PREFIX_PATH=/opt/ros/humble /usr/bin/cmake --install /home/c_nguyen/turtlebot3_ws/build/turtlebot3_fake_node
