[0.096s] Invoking command in '/home/c_nguyen/turtlebot3_ws/build/turtlebot3_gazebo': CMAKE_PREFIX_PATH=${CMAKE_PREFIX_PATH}:/opt/ros/humble /usr/bin/cmake /home/c_nguyen/turtlebot3_ws/src/turtlebot3_simulations/turtlebot3_gazebo -DCMAKE_INSTALL_PREFIX=/home/c_nguyen/turtlebot3_ws/install/turtlebot3_gazebo
[0.130s] -- Found ament_cmake: 1.3.5 (/opt/ros/humble/share/ament_cmake/cmake)
[0.327s] -- Override CMake install command with custom implementation using symlinks instead of copying resources
[0.357s] [33mCMake Warning (dev) at /usr/share/cmake-3.22/Modules/FindPackageHandleStandardArgs.cmake:438 (message):
[0.357s]   The package name passed to `find_package_handle_standard_args` (PkgConfig)
[0.357s]   does not match the name of the calling package (gazebo).  This can lead to
[0.357s]   problems in calling code that expects `find_package` result variables
[0.357s]   (e.g., `_FOUND`) to follow a certain pattern.
[0.358s] Call Stack (most recent call first):
[0.358s]   /usr/share/cmake-3.22/Modules/FindPkgConfig.cmake:99 (find_package_handle_standard_args)
[0.358s]   /usr/lib/x86_64-linux-gnu/cmake/gazebo/gazebo-config.cmake:72 (include)
[0.358s]   CMakeLists.txt:23 (find_package)
[0.358s] This warning is for project developers.  Use -Wno-dev to suppress it.
[0.358s] [0m
[0.394s] -- Found DART: /usr/include (Required is at least version "6.6") found components: dart 
[0.448s] -- Found Protobuf: /usr/lib/x86_64-linux-gnu/libprotobuf.so (found version "3.12.4") 
[0.450s] -- Looking for ignition-math6 -- found version 6.15.0
[0.456s] -- Searching for dependencies of ignition-math6
[0.458s] -- Looking for OGRE...
[0.466s] -- Found Ogre Ghadamon (1.9.0)
[0.467s] -- Found OGRE: optimized;/usr/lib/x86_64-linux-gnu/libOgreMain.so;debug;/usr/lib/x86_64-linux-gnu/libOgreMain.so
[0.481s] -- Looking for OGRE_Paging...
[0.481s] -- Found OGRE_Paging: optimized;/usr/lib/x86_64-linux-gnu/libOgrePaging.so;debug;/usr/lib/x86_64-linux-gnu/libOgrePaging.so
[0.481s] -- Looking for OGRE_Terrain...
[0.481s] -- Found OGRE_Terrain: optimized;/usr/lib/x86_64-linux-gnu/libOgreTerrain.so;debug;/usr/lib/x86_64-linux-gnu/libOgreTerrain.so
[0.481s] -- Looking for OGRE_Property...
[0.481s] -- Found OGRE_Property: optimized;/usr/lib/x86_64-linux-gnu/libOgreProperty.so;debug;/usr/lib/x86_64-linux-gnu/libOgreProperty.so
[0.482s] -- Looking for OGRE_RTShaderSystem...
[0.482s] -- Found OGRE_RTShaderSystem: optimized;/usr/lib/x86_64-linux-gnu/libOgreRTShaderSystem.so;debug;/usr/lib/x86_64-linux-gnu/libOgreRTShaderSystem.so
[0.482s] -- Looking for OGRE_Volume...
[0.482s] -- Found OGRE_Volume: optimized;/usr/lib/x86_64-linux-gnu/libOgreVolume.so;debug;/usr/lib/x86_64-linux-gnu/libOgreVolume.so
[0.482s] -- Looking for OGRE_Overlay...
[0.483s] -- Found OGRE_Overlay: optimized;/usr/lib/x86_64-linux-gnu/libOgreOverlay.so;debug;/usr/lib/x86_64-linux-gnu/libOgreOverlay.so
[0.690s] -- Looking for ignition-math6 -- found version 6.15.0
[0.690s] -- Looking for ignition-transport8 -- found version 8.2.1
[0.691s] -- Searching for dependencies of ignition-transport8
[0.728s] -- Found Protobuf: /usr/lib/x86_64-linux-gnu/libprotobuf.so (found suitable version "3.12.4", minimum required is "3") 
[0.750s] -- Config-file not installed for ZeroMQ -- checking for pkg-config
[0.759s] -- Checking for module 'libzmq >= 4'
[0.791s] --   Found libzmq , version 4.3.4
[0.895s] -- Checking for module 'uuid'
[0.926s] --   Found uuid, version 2.37.2
[1.019s] -- Looking for ignition-msgs5 -- found version 5.8.1
[1.020s] -- Searching for dependencies of ignition-msgs5
[1.055s] -- Looking for ignition-math6 -- found version 6.15.0
[1.065s] -- Checking for module 'tinyxml2'
[1.094s] --   Found tinyxml2, version 9.0.0
[1.173s] -- Looking for ignition-msgs5 -- found version 5.8.1
[1.174s] -- Looking for ignition-common3 -- found version 3.14.0
[1.175s] -- Searching for dependencies of ignition-common3
[1.176s] -- Looking for dlfcn.h - found
[1.176s] -- Looking for libdl - found
[1.205s] -- Searching for <ignition-common3> component [graphics]
[1.206s] -- Looking for ignition-common3-graphics -- found version 3.14.0
[1.207s] -- Searching for dependencies of ignition-common3-graphics
[1.208s] -- Looking for ignition-math6 -- found version 6.15.0
[1.211s] -- Looking for ignition-fuel_tools4 -- found version 4.4.0
[1.212s] -- Searching for dependencies of ignition-fuel_tools4
[1.297s] -- Checking for module 'jsoncpp'
[1.328s] --   Found jsoncpp, version 1.9.5
[1.421s] -- Checking for module 'libzip'
[1.452s] --   Found libzip, version 1.7.3
[1.541s] -- Looking for ignition-common3 -- found version 3.14.0
[1.542s] -- Looking for ignition-math6 -- found version 6.15.0
[1.543s] -- Looking for ignition-msgs5 -- found version 5.8.1
[1.546s] -- Found gazebo_ros_pkgs: 3.7.0 (/opt/ros/humble/share/gazebo_ros_pkgs/cmake)
[1.546s] -- Found geometry_msgs: 4.2.3 (/opt/ros/humble/share/geometry_msgs/cmake)
[1.586s] -- Found rosidl_generator_c: 3.1.5 (/opt/ros/humble/share/rosidl_generator_c/cmake)
[1.589s] -- Found rosidl_adapter: 3.1.5 (/opt/ros/humble/share/rosidl_adapter/cmake)
[1.599s] -- Found rosidl_generator_cpp: 3.1.5 (/opt/ros/humble/share/rosidl_generator_cpp/cmake)
[1.615s] -- Using all available rosidl_typesupport_c: rosidl_typesupport_fastrtps_c;rosidl_typesupport_introspection_c
[1.638s] -- Using all available rosidl_typesupport_cpp: rosidl_typesupport_fastrtps_cpp;rosidl_typesupport_introspection_cpp
[1.802s] -- Found nav_msgs: 4.2.3 (/opt/ros/humble/share/nav_msgs/cmake)
[1.920s] -- Found rclcpp: 16.0.6 (/opt/ros/humble/share/rclcpp/cmake)
[1.987s] -- Found rmw_implementation_cmake: 6.1.1 (/opt/ros/humble/share/rmw_implementation_cmake/cmake)
[1.989s] -- Found rmw_fastrtps_cpp: 6.2.4 (/opt/ros/humble/share/rmw_fastrtps_cpp/cmake)
[2.195s] -- Using RMW implementation 'rmw_fastrtps_cpp' as default
[2.381s] -- Found sensor_msgs: 4.2.3 (/opt/ros/humble/share/sensor_msgs/cmake)
[2.502s] -- Found tf2: 0.25.4 (/opt/ros/humble/share/tf2/cmake)
[2.629s] -- Configuring done
[2.686s] -- Generating done
[2.690s] -- Build files have been written to: /home/c_nguyen/turtlebot3_ws/build/turtlebot3_gazebo
[2.705s] Invoked command in '/home/c_nguyen/turtlebot3_ws/build/turtlebot3_gazebo' returned '0': CMAKE_PREFIX_PATH=${CMAKE_PREFIX_PATH}:/opt/ros/humble /usr/bin/cmake /home/c_nguyen/turtlebot3_ws/src/turtlebot3_simulations/turtlebot3_gazebo -DCMAKE_INSTALL_PREFIX=/home/c_nguyen/turtlebot3_ws/install/turtlebot3_gazebo
[2.707s] Invoking command in '/home/c_nguyen/turtlebot3_ws/build/turtlebot3_gazebo': CMAKE_PREFIX_PATH=${CMAKE_PREFIX_PATH}:/opt/ros/humble /usr/bin/cmake --build /home/c_nguyen/turtlebot3_ws/build/turtlebot3_gazebo -- -j16 -l16
[2.799s] [35m[1mConsolidate compiler generated dependencies of target obstacle2[0m
[2.799s] [35m[1mConsolidate compiler generated dependencies of target obstacle1[0m
[2.803s] [35m[1mConsolidate compiler generated dependencies of target turtlebot3_drive[0m
[2.804s] [35m[1mConsolidate compiler generated dependencies of target obstacles[0m
[2.849s] [ 25%] Built target turtlebot3_drive
[2.868s] [ 50%] Built target obstacle2
[2.875s] [ 75%] Built target obstacles
[2.892s] [100%] Built target obstacle1
[2.926s] Invoked command in '/home/c_nguyen/turtlebot3_ws/build/turtlebot3_gazebo' returned '0': CMAKE_PREFIX_PATH=${CMAKE_PREFIX_PATH}:/opt/ros/humble /usr/bin/cmake --build /home/c_nguyen/turtlebot3_ws/build/turtlebot3_gazebo -- -j16 -l16
[3.005s] Invoking command in '/home/c_nguyen/turtlebot3_ws/build/turtlebot3_gazebo': CMAKE_PREFIX_PATH=${CMAKE_PREFIX_PATH}:/opt/ros/humble /usr/bin/cmake --install /home/c_nguyen/turtlebot3_ws/build/turtlebot3_gazebo
[3.016s] -- Install configuration: ""
[3.017s] -- Execute custom install script
[3.017s] -- Up-to-date symlink: /home/c_nguyen/turtlebot3_ws/install/turtlebot3_gazebo/lib/turtlebot3_gazebo/turtlebot3_drive
[3.018s] -- Up-to-date symlink: /home/c_nguyen/turtlebot3_ws/install/turtlebot3_gazebo/share/turtlebot3_gazebo//launch/empty_world.launch.py
[3.018s] -- Up-to-date symlink: /home/c_nguyen/turtlebot3_ws/install/turtlebot3_gazebo/share/turtlebot3_gazebo//launch/robot_state_publisher.launch.py
[3.019s] -- Up-to-date symlink: /home/c_nguyen/turtlebot3_ws/install/turtlebot3_gazebo/share/turtlebot3_gazebo//launch/spawn_turtlebot3.launch.py
[3.019s] -- Up-to-date symlink: /home/c_nguyen/turtlebot3_ws/install/turtlebot3_gazebo/share/turtlebot3_gazebo//launch/turtlebot3_dqn_stage1.launch.py
[3.019s] -- Up-to-date symlink: /home/c_nguyen/turtlebot3_ws/install/turtlebot3_gazebo/share/turtlebot3_gazebo//launch/turtlebot3_dqn_stage2.launch.py
[3.019s] -- Up-to-date symlink: /home/c_nguyen/turtlebot3_ws/install/turtlebot3_gazebo/share/turtlebot3_gazebo//launch/turtlebot3_dqn_stage3.launch.py
[3.019s] -- Up-to-date symlink: /home/c_nguyen/turtlebot3_ws/install/turtlebot3_gazebo/share/turtlebot3_gazebo//launch/turtlebot3_dqn_stage4.launch.py
[3.020s] -- Up-to-date symlink: /home/c_nguyen/turtlebot3_ws/install/turtlebot3_gazebo/share/turtlebot3_gazebo//launch/turtlebot3_house.launch.py
[3.020s] -- Up-to-date symlink: /home/c_nguyen/turtlebot3_ws/install/turtlebot3_gazebo/share/turtlebot3_gazebo//launch/turtlebot3_world.launch.py
[3.020s] -- Up-to-date symlink: /home/c_nguyen/turtlebot3_ws/install/turtlebot3_gazebo/share/turtlebot3_gazebo//models/turtlebot3_burger/model-1_4.sdf
[3.020s] -- Up-to-date symlink: /home/c_nguyen/turtlebot3_ws/install/turtlebot3_gazebo/share/turtlebot3_gazebo//models/turtlebot3_burger/model.config
[3.021s] -- Up-to-date symlink: /home/c_nguyen/turtlebot3_ws/install/turtlebot3_gazebo/share/turtlebot3_gazebo//models/turtlebot3_burger/model.sdf
[3.021s] -- Up-to-date symlink: /home/c_nguyen/turtlebot3_ws/install/turtlebot3_gazebo/share/turtlebot3_gazebo//models/turtlebot3_common/meshes/burger_base.dae
[3.021s] -- Up-to-date symlink: /home/c_nguyen/turtlebot3_ws/install/turtlebot3_gazebo/share/turtlebot3_gazebo//models/turtlebot3_common/meshes/lds.dae
[3.021s] -- Up-to-date symlink: /home/c_nguyen/turtlebot3_ws/install/turtlebot3_gazebo/share/turtlebot3_gazebo//models/turtlebot3_common/meshes/r200.dae
[3.022s] -- Up-to-date symlink: /home/c_nguyen/turtlebot3_ws/install/turtlebot3_gazebo/share/turtlebot3_gazebo//models/turtlebot3_common/meshes/tire.dae
[3.022s] -- Up-to-date symlink: /home/c_nguyen/turtlebot3_ws/install/turtlebot3_gazebo/share/turtlebot3_gazebo//models/turtlebot3_common/meshes/waffle_base.dae
[3.022s] -- Up-to-date symlink: /home/c_nguyen/turtlebot3_ws/install/turtlebot3_gazebo/share/turtlebot3_gazebo//models/turtlebot3_common/meshes/waffle_pi_base.dae
[3.022s] -- Up-to-date symlink: /home/c_nguyen/turtlebot3_ws/install/turtlebot3_gazebo/share/turtlebot3_gazebo//models/turtlebot3_common/model.config
[3.022s] -- Up-to-date symlink: /home/c_nguyen/turtlebot3_ws/install/turtlebot3_gazebo/share/turtlebot3_gazebo//models/turtlebot3_dqn_world/goal_box/model.config
[3.023s] -- Up-to-date symlink: /home/c_nguyen/turtlebot3_ws/install/turtlebot3_gazebo/share/turtlebot3_gazebo//models/turtlebot3_dqn_world/goal_box/model.sdf
[3.023s] -- Up-to-date symlink: /home/c_nguyen/turtlebot3_ws/install/turtlebot3_gazebo/share/turtlebot3_gazebo//models/turtlebot3_dqn_world/inner_walls/model.config
[3.023s] -- Up-to-date symlink: /home/c_nguyen/turtlebot3_ws/install/turtlebot3_gazebo/share/turtlebot3_gazebo//models/turtlebot3_dqn_world/inner_walls/model.sdf
[3.023s] -- Up-to-date symlink: /home/c_nguyen/turtlebot3_ws/install/turtlebot3_gazebo/share/turtlebot3_gazebo//models/turtlebot3_dqn_world/model.config
[3.023s] -- Up-to-date symlink: /home/c_nguyen/turtlebot3_ws/install/turtlebot3_gazebo/share/turtlebot3_gazebo//models/turtlebot3_dqn_world/model.sdf
[3.024s] -- Up-to-date symlink: /home/c_nguyen/turtlebot3_ws/install/turtlebot3_gazebo/share/turtlebot3_gazebo//models/turtlebot3_dqn_world/obstacle1/model.config
[3.024s] -- Up-to-date symlink: /home/c_nguyen/turtlebot3_ws/install/turtlebot3_gazebo/share/turtlebot3_gazebo//models/turtlebot3_dqn_world/obstacle1/model.sdf
[3.024s] -- Up-to-date symlink: /home/c_nguyen/turtlebot3_ws/install/turtlebot3_gazebo/share/turtlebot3_gazebo//models/turtlebot3_dqn_world/obstacle2/model.config
[3.024s] -- Up-to-date symlink: /home/c_nguyen/turtlebot3_ws/install/turtlebot3_gazebo/share/turtlebot3_gazebo//models/turtlebot3_dqn_world/obstacle2/model.sdf
[3.025s] -- Up-to-date symlink: /home/c_nguyen/turtlebot3_ws/install/turtlebot3_gazebo/share/turtlebot3_gazebo//models/turtlebot3_dqn_world/obstacle_plugin/CMakeLists.txt
[3.025s] -- Up-to-date symlink: /home/c_nguyen/turtlebot3_ws/install/turtlebot3_gazebo/share/turtlebot3_gazebo//models/turtlebot3_dqn_world/obstacle_plugin/obstacle1.cc
[3.025s] -- Up-to-date symlink: /home/c_nguyen/turtlebot3_ws/install/turtlebot3_gazebo/share/turtlebot3_gazebo//models/turtlebot3_dqn_world/obstacle_plugin/obstacle2.cc
[3.026s] -- Up-to-date symlink: /home/c_nguyen/turtlebot3_ws/install/turtlebot3_gazebo/share/turtlebot3_gazebo//models/turtlebot3_dqn_world/obstacle_plugin/obstacles.cc
[3.026s] -- Up-to-date symlink: /home/c_nguyen/turtlebot3_ws/install/turtlebot3_gazebo/share/turtlebot3_gazebo//models/turtlebot3_dqn_world/obstacles/model.config
[3.026s] -- Up-to-date symlink: /home/c_nguyen/turtlebot3_ws/install/turtlebot3_gazebo/share/turtlebot3_gazebo//models/turtlebot3_dqn_world/obstacles/model.sdf
[3.026s] -- Up-to-date symlink: /home/c_nguyen/turtlebot3_ws/install/turtlebot3_gazebo/share/turtlebot3_gazebo//models/turtlebot3_house/model.config
[3.026s] -- Up-to-date symlink: /home/c_nguyen/turtlebot3_ws/install/turtlebot3_gazebo/share/turtlebot3_gazebo//models/turtlebot3_house/model.sdf
[3.027s] -- Up-to-date symlink: /home/c_nguyen/turtlebot3_ws/install/turtlebot3_gazebo/share/turtlebot3_gazebo//models/turtlebot3_waffle/model-1_4.sdf
[3.027s] -- Up-to-date symlink: /home/c_nguyen/turtlebot3_ws/install/turtlebot3_gazebo/share/turtlebot3_gazebo//models/turtlebot3_waffle/model.config
[3.027s] -- Up-to-date symlink: /home/c_nguyen/turtlebot3_ws/install/turtlebot3_gazebo/share/turtlebot3_gazebo//models/turtlebot3_waffle/model.sdf
[3.027s] -- Up-to-date symlink: /home/c_nguyen/turtlebot3_ws/install/turtlebot3_gazebo/share/turtlebot3_gazebo//models/turtlebot3_waffle_pi/model-1_4_.sdf
[3.027s] -- Up-to-date symlink: /home/c_nguyen/turtlebot3_ws/install/turtlebot3_gazebo/share/turtlebot3_gazebo//models/turtlebot3_waffle_pi/model.config
[3.028s] -- Up-to-date symlink: /home/c_nguyen/turtlebot3_ws/install/turtlebot3_gazebo/share/turtlebot3_gazebo//models/turtlebot3_waffle_pi/model.sdf
[3.028s] -- Up-to-date symlink: /home/c_nguyen/turtlebot3_ws/install/turtlebot3_gazebo/share/turtlebot3_gazebo//models/turtlebot3_world/meshes/hexagon.dae
[3.028s] -- Up-to-date symlink: /home/c_nguyen/turtlebot3_ws/install/turtlebot3_gazebo/share/turtlebot3_gazebo//models/turtlebot3_world/meshes/wall.dae
[3.028s] -- Up-to-date symlink: /home/c_nguyen/turtlebot3_ws/install/turtlebot3_gazebo/share/turtlebot3_gazebo//models/turtlebot3_world/model-1_4.sdf
[3.028s] -- Up-to-date symlink: /home/c_nguyen/turtlebot3_ws/install/turtlebot3_gazebo/share/turtlebot3_gazebo//models/turtlebot3_world/model.config
[3.028s] -- Up-to-date symlink: /home/c_nguyen/turtlebot3_ws/install/turtlebot3_gazebo/share/turtlebot3_gazebo//models/turtlebot3_world/model.sdf
[3.029s] -- Up-to-date symlink: /home/c_nguyen/turtlebot3_ws/install/turtlebot3_gazebo/share/turtlebot3_gazebo//rviz/tb3_gazebo.rviz
[3.029s] -- Up-to-date symlink: /home/c_nguyen/turtlebot3_ws/install/turtlebot3_gazebo/share/turtlebot3_gazebo//urdf/common_properties.urdf
[3.029s] -- Up-to-date symlink: /home/c_nguyen/turtlebot3_ws/install/turtlebot3_gazebo/share/turtlebot3_gazebo//urdf/turtlebot3_burger.urdf
[3.029s] -- Up-to-date symlink: /home/c_nguyen/turtlebot3_ws/install/turtlebot3_gazebo/share/turtlebot3_gazebo//urdf/turtlebot3_waffle.urdf
[3.029s] -- Up-to-date symlink: /home/c_nguyen/turtlebot3_ws/install/turtlebot3_gazebo/share/turtlebot3_gazebo//urdf/turtlebot3_waffle_pi.urdf
[3.030s] -- Up-to-date symlink: /home/c_nguyen/turtlebot3_ws/install/turtlebot3_gazebo/share/turtlebot3_gazebo//worlds/empty_world.world
[3.030s] -- Up-to-date symlink: /home/c_nguyen/turtlebot3_ws/install/turtlebot3_gazebo/share/turtlebot3_gazebo//worlds/turtlebot3_dqn_stage1.world
[3.030s] -- Up-to-date symlink: /home/c_nguyen/turtlebot3_ws/install/turtlebot3_gazebo/share/turtlebot3_gazebo//worlds/turtlebot3_dqn_stage2.world
[3.030s] -- Up-to-date symlink: /home/c_nguyen/turtlebot3_ws/install/turtlebot3_gazebo/share/turtlebot3_gazebo//worlds/turtlebot3_dqn_stage3.world
[3.030s] -- Up-to-date symlink: /home/c_nguyen/turtlebot3_ws/install/turtlebot3_gazebo/share/turtlebot3_gazebo//worlds/turtlebot3_dqn_stage4.world
[3.031s] -- Up-to-date symlink: /home/c_nguyen/turtlebot3_ws/install/turtlebot3_gazebo/share/turtlebot3_gazebo//worlds/turtlebot3_house.world
[3.031s] -- Up-to-date symlink: /home/c_nguyen/turtlebot3_ws/install/turtlebot3_gazebo/share/turtlebot3_gazebo//worlds/turtlebot3_world.world
[3.031s] -- Up-to-date symlink: /home/c_nguyen/turtlebot3_ws/install/turtlebot3_gazebo/include//turtlebot3_gazebo/turtlebot3_drive.hpp
[3.031s] -- Up-to-date symlink: /home/c_nguyen/turtlebot3_ws/install/turtlebot3_gazebo/share/ament_index/resource_index/package_run_dependencies/turtlebot3_gazebo
[3.031s] -- Up-to-date symlink: /home/c_nguyen/turtlebot3_ws/install/turtlebot3_gazebo/share/ament_index/resource_index/parent_prefix_path/turtlebot3_gazebo
[3.032s] -- Up-to-date symlink: /home/c_nguyen/turtlebot3_ws/install/turtlebot3_gazebo/share/turtlebot3_gazebo/environment/ament_prefix_path.sh
[3.032s] -- Up-to-date symlink: /home/c_nguyen/turtlebot3_ws/install/turtlebot3_gazebo/share/turtlebot3_gazebo/environment/ament_prefix_path.dsv
[3.032s] -- Up-to-date symlink: /home/c_nguyen/turtlebot3_ws/install/turtlebot3_gazebo/share/turtlebot3_gazebo/environment/path.sh
[3.033s] -- Up-to-date symlink: /home/c_nguyen/turtlebot3_ws/install/turtlebot3_gazebo/share/turtlebot3_gazebo/environment/path.dsv
[3.033s] -- Up-to-date symlink: /home/c_nguyen/turtlebot3_ws/install/turtlebot3_gazebo/share/turtlebot3_gazebo/local_setup.bash
[3.033s] -- Up-to-date symlink: /home/c_nguyen/turtlebot3_ws/install/turtlebot3_gazebo/share/turtlebot3_gazebo/local_setup.sh
[3.033s] -- Up-to-date symlink: /home/c_nguyen/turtlebot3_ws/install/turtlebot3_gazebo/share/turtlebot3_gazebo/local_setup.zsh
[3.033s] -- Up-to-date symlink: /home/c_nguyen/turtlebot3_ws/install/turtlebot3_gazebo/share/turtlebot3_gazebo/local_setup.dsv
[3.034s] -- Symlinking: /home/c_nguyen/turtlebot3_ws/install/turtlebot3_gazebo/share/turtlebot3_gazebo/package.dsv
[3.056s] -- Up-to-date symlink: /home/c_nguyen/turtlebot3_ws/install/turtlebot3_gazebo/share/ament_index/resource_index/packages/turtlebot3_gazebo
[3.056s] -- Up-to-date symlink: /home/c_nguyen/turtlebot3_ws/install/turtlebot3_gazebo/share/turtlebot3_gazebo/cmake/ament_cmake_export_include_directories-extras.cmake
[3.057s] -- Up-to-date symlink: /home/c_nguyen/turtlebot3_ws/install/turtlebot3_gazebo/share/turtlebot3_gazebo/cmake/ament_cmake_export_dependencies-extras.cmake
[3.057s] -- Up-to-date symlink: /home/c_nguyen/turtlebot3_ws/install/turtlebot3_gazebo/share/turtlebot3_gazebo/cmake/turtlebot3_gazeboConfig.cmake
[3.057s] -- Up-to-date symlink: /home/c_nguyen/turtlebot3_ws/install/turtlebot3_gazebo/share/turtlebot3_gazebo/cmake/turtlebot3_gazeboConfig-version.cmake
[3.057s] -- Up-to-date symlink: /home/c_nguyen/turtlebot3_ws/install/turtlebot3_gazebo/share/turtlebot3_gazebo/package.xml
[3.061s] Invoked command in '/home/c_nguyen/turtlebot3_ws/build/turtlebot3_gazebo' returned '0': CMAKE_PREFIX_PATH=${CMAKE_PREFIX_PATH}:/opt/ros/humble /usr/bin/cmake --install /home/c_nguyen/turtlebot3_ws/build/turtlebot3_gazebo
