[0.044s] Invoking command in '/home/c_nguyen/turtlebot3_ws/build/turtlebot3_simulations': AMENT_PREFIX_PATH=/home/c_nguyen/turtlebot3_ws/install/turtlebot3_gazebo:/home/c_nguyen/turtlebot3_ws/install/turtlebot3_fake_node:${AMENT_PREFIX_PATH} CMAKE_PREFIX_PATH=/home/c_nguyen/turtlebot3_ws/install/turtlebot3_gazebo:/home/c_nguyen/turtlebot3_ws/install/turtlebot3_fake_node:/opt/ros/humble /usr/bin/cmake /home/c_nguyen/turtlebot3_ws/src/turtlebot3_simulations/turtlebot3_simulations -DAMENT_CMAKE_SYMLINK_INSTALL=1 -DCMAKE_INSTALL_PREFIX=/home/c_nguyen/turtlebot3_ws/install/turtlebot3_simulations
[0.134s] -- The C compiler identification is GNU 11.4.0
[0.226s] -- The CXX compiler identification is GNU 11.4.0
[0.234s] -- Detecting C compiler ABI info
[0.344s] -- Detecting C compiler ABI info - done
[0.358s] -- Check for working C compiler: /usr/bin/cc - skipped
[0.358s] -- Detecting C compile features
[0.359s] -- Detecting C compile features - done
[0.364s] -- Detecting CXX compiler ABI info
[0.551s] -- Detecting CXX compiler ABI info - done
[0.570s] -- Check for working CXX compiler: /usr/bin/c++ - skipped
[0.570s] -- Detecting CXX compile features
[0.571s] -- Detecting CXX compile features - done
[0.580s] -- Found ament_cmake: 1.3.5 (/opt/ros/humble/share/ament_cmake/cmake)
[1.061s] -- Found Python3: /usr/bin/python3.10 (found version "3.10.12") found components: Interpreter 
[1.148s] -- Override CMake install command with custom implementation using symlinks instead of copying resources
[1.317s] -- Configuring done
[1.320s] -- Generating done
[1.321s] -- Build files have been written to: /home/c_nguyen/turtlebot3_ws/build/turtlebot3_simulations
[1.325s] Invoked command in '/home/c_nguyen/turtlebot3_ws/build/turtlebot3_simulations' returned '0': AMENT_PREFIX_PATH=/home/c_nguyen/turtlebot3_ws/install/turtlebot3_gazebo:/home/c_nguyen/turtlebot3_ws/install/turtlebot3_fake_node:${AMENT_PREFIX_PATH} CMAKE_PREFIX_PATH=/home/c_nguyen/turtlebot3_ws/install/turtlebot3_gazebo:/home/c_nguyen/turtlebot3_ws/install/turtlebot3_fake_node:/opt/ros/humble /usr/bin/cmake /home/c_nguyen/turtlebot3_ws/src/turtlebot3_simulations/turtlebot3_simulations -DAMENT_CMAKE_SYMLINK_INSTALL=1 -DCMAKE_INSTALL_PREFIX=/home/c_nguyen/turtlebot3_ws/install/turtlebot3_simulations
[1.328s] Invoking command in '/home/c_nguyen/turtlebot3_ws/build/turtlebot3_simulations': AMENT_PREFIX_PATH=/home/c_nguyen/turtlebot3_ws/install/turtlebot3_gazebo:/home/c_nguyen/turtlebot3_ws/install/turtlebot3_fake_node:${AMENT_PREFIX_PATH} CMAKE_PREFIX_PATH=/home/c_nguyen/turtlebot3_ws/install/turtlebot3_gazebo:/home/c_nguyen/turtlebot3_ws/install/turtlebot3_fake_node:/opt/ros/humble /usr/bin/cmake --build /home/c_nguyen/turtlebot3_ws/build/turtlebot3_simulations -- -j16 -l16
[1.412s] Invoked command in '/home/c_nguyen/turtlebot3_ws/build/turtlebot3_simulations' returned '0': AMENT_PREFIX_PATH=/home/c_nguyen/turtlebot3_ws/install/turtlebot3_gazebo:/home/c_nguyen/turtlebot3_ws/install/turtlebot3_fake_node:${AMENT_PREFIX_PATH} CMAKE_PREFIX_PATH=/home/c_nguyen/turtlebot3_ws/install/turtlebot3_gazebo:/home/c_nguyen/turtlebot3_ws/install/turtlebot3_fake_node:/opt/ros/humble /usr/bin/cmake --build /home/c_nguyen/turtlebot3_ws/build/turtlebot3_simulations -- -j16 -l16
[1.473s] Invoking command in '/home/c_nguyen/turtlebot3_ws/build/turtlebot3_simulations': AMENT_PREFIX_PATH=/home/c_nguyen/turtlebot3_ws/install/turtlebot3_gazebo:/home/c_nguyen/turtlebot3_ws/install/turtlebot3_fake_node:${AMENT_PREFIX_PATH} CMAKE_PREFIX_PATH=/home/c_nguyen/turtlebot3_ws/install/turtlebot3_gazebo:/home/c_nguyen/turtlebot3_ws/install/turtlebot3_fake_node:/opt/ros/humble /usr/bin/cmake --install /home/c_nguyen/turtlebot3_ws/build/turtlebot3_simulations
[1.490s] -- Install configuration: ""
[1.491s] -- Execute custom install script
[1.492s] -- Symlinking: /home/c_nguyen/turtlebot3_ws/install/turtlebot3_simulations/share/ament_index/resource_index/package_run_dependencies/turtlebot3_simulations
[1.516s] -- Symlinking: /home/c_nguyen/turtlebot3_ws/install/turtlebot3_simulations/share/ament_index/resource_index/parent_prefix_path/turtlebot3_simulations
[1.540s] -- Symlinking: /home/c_nguyen/turtlebot3_ws/install/turtlebot3_simulations/share/turtlebot3_simulations/environment/ament_prefix_path.sh
[1.551s] -- Symlinking: /home/c_nguyen/turtlebot3_ws/install/turtlebot3_simulations/share/turtlebot3_simulations/environment/ament_prefix_path.dsv
[1.562s] -- Symlinking: /home/c_nguyen/turtlebot3_ws/install/turtlebot3_simulations/share/turtlebot3_simulations/environment/path.sh
[1.571s] -- Symlinking: /home/c_nguyen/turtlebot3_ws/install/turtlebot3_simulations/share/turtlebot3_simulations/environment/path.dsv
[1.582s] -- Symlinking: /home/c_nguyen/turtlebot3_ws/install/turtlebot3_simulations/share/turtlebot3_simulations/local_setup.bash
[1.593s] -- Symlinking: /home/c_nguyen/turtlebot3_ws/install/turtlebot3_simulations/share/turtlebot3_simulations/local_setup.sh
[1.616s] -- Symlinking: /home/c_nguyen/turtlebot3_ws/install/turtlebot3_simulations/share/turtlebot3_simulations/local_setup.zsh
[1.626s] -- Symlinking: /home/c_nguyen/turtlebot3_ws/install/turtlebot3_simulations/share/turtlebot3_simulations/local_setup.dsv
[1.636s] -- Symlinking: /home/c_nguyen/turtlebot3_ws/install/turtlebot3_simulations/share/turtlebot3_simulations/package.dsv
[1.646s] -- Symlinking: /home/c_nguyen/turtlebot3_ws/install/turtlebot3_simulations/share/ament_index/resource_index/packages/turtlebot3_simulations
[1.657s] -- Symlinking: /home/c_nguyen/turtlebot3_ws/install/turtlebot3_simulations/share/turtlebot3_simulations/cmake/turtlebot3_simulationsConfig.cmake
[1.667s] -- Symlinking: /home/c_nguyen/turtlebot3_ws/install/turtlebot3_simulations/share/turtlebot3_simulations/cmake/turtlebot3_simulationsConfig-version.cmake
[1.678s] -- Symlinking: /home/c_nguyen/turtlebot3_ws/install/turtlebot3_simulations/share/turtlebot3_simulations/package.xml
[1.693s] Invoked command in '/home/c_nguyen/turtlebot3_ws/build/turtlebot3_simulations' returned '0': AMENT_PREFIX_PATH=/home/c_nguyen/turtlebot3_ws/install/turtlebot3_gazebo:/home/c_nguyen/turtlebot3_ws/install/turtlebot3_fake_node:${AMENT_PREFIX_PATH} CMAKE_PREFIX_PATH=/home/c_nguyen/turtlebot3_ws/install/turtlebot3_gazebo:/home/c_nguyen/turtlebot3_ws/install/turtlebot3_fake_node:/opt/ros/humble /usr/bin/cmake --install /home/c_nguyen/turtlebot3_ws/build/turtlebot3_simulations
