[0.139s] Invoking command in '/home/c_nguyen/turtlebot3_ws/build/turtlebot3_fake_node': CMAKE_PREFIX_PATH=/opt/ros/humble /usr/bin/cmake --build /home/c_nguyen/turtlebot3_ws/build/turtlebot3_fake_node -- -j16 -l16
[0.243s] [35m[1mConsolidate compiler generated dependencies of target turtlebot3_fake_node[0m
[0.284s] [100%] Built target turtlebot3_fake_node
[0.314s] Invoked command in '/home/c_nguyen/turtlebot3_ws/build/turtlebot3_fake_node' returned '0': CMAKE_PREFIX_PATH=/opt/ros/humble /usr/bin/cmake --build /home/c_nguyen/turtlebot3_ws/build/turtlebot3_fake_node -- -j16 -l16
[0.382s] Invoking command in '/home/c_nguyen/turtlebot3_ws/build/turtlebot3_fake_node': CMAKE_PREFIX_PATH=/opt/ros/humble /usr/bin/cmake --install /home/c_nguyen/turtlebot3_ws/build/turtlebot3_fake_node
[0.399s] -- Install configuration: ""
[0.401s] -- Execute custom install script
[0.401s] -- Up-to-date symlink: /home/c_nguyen/turtlebot3_ws/install/turtlebot3_fake_node/lib/turtlebot3_fake_node/turtlebot3_fake_node
[0.402s] -- Up-to-date symlink: /home/c_nguyen/turtlebot3_ws/install/turtlebot3_fake_node/share/turtlebot3_fake_node/launch/rviz2.launch.py
[0.403s] -- Up-to-date symlink: /home/c_nguyen/turtlebot3_ws/install/turtlebot3_fake_node/share/turtlebot3_fake_node/launch/turtlebot3_fake_node.launch.py
[0.403s] -- Up-to-date symlink: /home/c_nguyen/turtlebot3_ws/install/turtlebot3_fake_node/share/turtlebot3_fake_node/param/burger.yaml
[0.403s] -- Up-to-date symlink: /home/c_nguyen/turtlebot3_ws/install/turtlebot3_fake_node/share/turtlebot3_fake_node/param/waffle.yaml
[0.404s] -- Up-to-date symlink: /home/c_nguyen/turtlebot3_ws/install/turtlebot3_fake_node/share/turtlebot3_fake_node/param/waffle_pi.yaml
[0.405s] -- Up-to-date symlink: /home/c_nguyen/turtlebot3_ws/install/turtlebot3_fake_node/include//turtlebot3_fake_node/turtlebot3_fake_node.hpp
[0.405s] -- Up-to-date symlink: /home/c_nguyen/turtlebot3_ws/install/turtlebot3_fake_node/share/ament_index/resource_index/package_run_dependencies/turtlebot3_fake_node
[0.405s] -- Up-to-date symlink: /home/c_nguyen/turtlebot3_ws/install/turtlebot3_fake_node/share/ament_index/resource_index/parent_prefix_path/turtlebot3_fake_node
[0.406s] -- Up-to-date symlink: /home/c_nguyen/turtlebot3_ws/install/turtlebot3_fake_node/share/turtlebot3_fake_node/environment/ament_prefix_path.sh
[0.406s] -- Up-to-date symlink: /home/c_nguyen/turtlebot3_ws/install/turtlebot3_fake_node/share/turtlebot3_fake_node/environment/ament_prefix_path.dsv
[0.407s] -- Up-to-date symlink: /home/c_nguyen/turtlebot3_ws/install/turtlebot3_fake_node/share/turtlebot3_fake_node/environment/path.sh
[0.407s] -- Up-to-date symlink: /home/c_nguyen/turtlebot3_ws/install/turtlebot3_fake_node/share/turtlebot3_fake_node/environment/path.dsv
[0.408s] -- Up-to-date symlink: /home/c_nguyen/turtlebot3_ws/install/turtlebot3_fake_node/share/turtlebot3_fake_node/local_setup.bash
[0.408s] -- Up-to-date symlink: /home/c_nguyen/turtlebot3_ws/install/turtlebot3_fake_node/share/turtlebot3_fake_node/local_setup.sh
[0.408s] -- Up-to-date symlink: /home/c_nguyen/turtlebot3_ws/install/turtlebot3_fake_node/share/turtlebot3_fake_node/local_setup.zsh
[0.409s] -- Up-to-date symlink: /home/c_nguyen/turtlebot3_ws/install/turtlebot3_fake_node/share/turtlebot3_fake_node/local_setup.dsv
[0.409s] -- Symlinking: /home/c_nguyen/turtlebot3_ws/install/turtlebot3_fake_node/share/turtlebot3_fake_node/package.dsv
[0.425s] -- Up-to-date symlink: /home/c_nguyen/turtlebot3_ws/install/turtlebot3_fake_node/share/ament_index/resource_index/packages/turtlebot3_fake_node
[0.425s] -- Up-to-date symlink: /home/c_nguyen/turtlebot3_ws/install/turtlebot3_fake_node/share/turtlebot3_fake_node/cmake/ament_cmake_export_include_directories-extras.cmake
[0.425s] -- Up-to-date symlink: /home/c_nguyen/turtlebot3_ws/install/turtlebot3_fake_node/share/turtlebot3_fake_node/cmake/ament_cmake_export_dependencies-extras.cmake
[0.426s] -- Up-to-date symlink: /home/c_nguyen/turtlebot3_ws/install/turtlebot3_fake_node/share/turtlebot3_fake_node/cmake/turtlebot3_fake_nodeConfig.cmake
[0.426s] -- Up-to-date symlink: /home/c_nguyen/turtlebot3_ws/install/turtlebot3_fake_node/share/turtlebot3_fake_node/cmake/turtlebot3_fake_nodeConfig-version.cmake
[0.426s] -- Up-to-date symlink: /home/c_nguyen/turtlebot3_ws/install/turtlebot3_fake_node/share/turtlebot3_fake_node/package.xml
[0.432s] Invoked command in '/home/c_nguyen/turtlebot3_ws/build/turtlebot3_fake_node' returned '0': CMAKE_PREFIX_PATH=/opt/ros/humble /usr/bin/cmake --install /home/c_nguyen/turtlebot3_ws/build/turtlebot3_fake_node
